SF:/Users/navan.chauhan/Developer/navanchauhan/swift-hn/SwiftTUI/.build/arm64-apple-macosx/debug/SwiftTUIPackageTests.derived/runner.swift
FN:510,$s20SwiftTUIPackageTests6RunnerV14testingLibrary33_ACA06B0ACD0117EBD0CD673AC424A28DLLSSyFZ
FN:527,$s20SwiftTUIPackageTests6RunnerV4mainyyYaFZ
FNDA:1,$s20SwiftTUIPackageTests6RunnerV14testingLibrary33_ACA06B0ACD0117EBD0CD673AC424A28DLLSSyFZ
FNDA:1,$s20SwiftTUIPackageTests6RunnerV4mainyyYaFZ
FNF:2
FNH:2
DA:510,1
DA:511,1
DA:512,6
DA:513,6
DA:514,1
DA:515,5
DA:516,5
DA:517,0
DA:518,0
DA:519,0
DA:520,1
DA:527,1
DA:528,1
DA:530,1
DA:536,1
DA:538,1
DA:546,1
BRF:0
BRH:0
LF:17
LH:14
end_of_record
SF:/Users/navan.chauhan/Developer/navanchauhan/swift-hn/SwiftTUI/.build/checkouts/OpenCombine/Sources/OpenCombine/AnyCancellable.swift
FN:22,$s11OpenCombine14AnyCancellableCyACyyccfc
FN:26,$s11OpenCombine14AnyCancellableCyACxcAA0D0Rzlufc
FN:27,$s11OpenCombine14AnyCancellableCyACxcAA0D0Rzlufcyycxcfu_
FN:27,$s11OpenCombine14AnyCancellableCyACxcAA0D0Rzlufcyycxcfu_yycfu0_
FN:30,$s11OpenCombine14AnyCancellableC6cancelyyF
FN:35,$s11OpenCombine14AnyCancellableC2eeoiySbAC_ACtFZ
FN:39,$s11OpenCombine14AnyCancellableC4hash4intoys6HasherVz_tF
FN:43,$s11OpenCombine14AnyCancellableCfd
FN:55,$s11OpenCombine14AnyCancellableC5store2inyxz_tSmRzAC7ElementRtzlF
FN:62,$s11OpenCombine14AnyCancellableC5store2inyShyACGz_tF
FNDA:0,$s11OpenCombine14AnyCancellableCyACyyccfc
FNDA:0,$s11OpenCombine14AnyCancellableCyACxcAA0D0Rzlufc
FNDA:0,$s11OpenCombine14AnyCancellableCyACxcAA0D0Rzlufcyycxcfu_
FNDA:0,$s11OpenCombine14AnyCancellableCyACxcAA0D0Rzlufcyycxcfu_yycfu0_
FNDA:0,$s11OpenCombine14AnyCancellableC6cancelyyF
FNDA:0,$s11OpenCombine14AnyCancellableC2eeoiySbAC_ACtFZ
FNDA:0,$s11OpenCombine14AnyCancellableC4hash4intoys6HasherVz_tF
FNDA:0,$s11OpenCombine14AnyCancellableCfd
FNDA:0,$s11OpenCombine14AnyCancellableC5store2inyxz_tSmRzAC7ElementRtzlF
FNDA:0,$s11OpenCombine14AnyCancellableC5store2inyShyACGz_tF
FNF:9
FNH:0
DA:22,0
DA:23,0
DA:24,0
DA:26,0
DA:27,0
DA:28,0
DA:30,0
DA:31,0
DA:32,0
DA:33,0
DA:35,0
DA:36,0
DA:37,0
DA:39,0
DA:40,0
DA:41,0
DA:43,0
DA:44,0
DA:45,0
DA:55,0
DA:56,0
DA:57,0
DA:62,0
DA:63,0
DA:64,0
BRF:0
BRH:0
LF:26
LH:0
end_of_record
SF:/Users/navan.chauhan/Developer/navanchauhan/swift-hn/SwiftTUI/.build/checkouts/OpenCombine/Sources/OpenCombine/AnyPublisher.swift
FN:50,$s11OpenCombine9PublisherPAAE010eraseToAnyC0AA0fC0Vy6OutputQz7FailureQzGyF
FN:78,$s11OpenCombine12AnyPublisherVyACyxq_Gqd__c6OutputQyd__Rsz7FailureQyd__Rs_AA0D0Rd__lufC
FN:87,$s11OpenCombine12AnyPublisherV11descriptionSSvg
FN:91,$s11OpenCombine12AnyPublisherV21playgroundDescriptionypvg
FN:108,$s11OpenCombine12AnyPublisherV7receive10subscriberyqd___t5InputQyd__Rsz7FailureQyd__Rs_AA10SubscriberRd__lF
FN:119,$s11OpenCombine16PublisherBoxBaseCACyxq_Gycfc
FN:124,$s11OpenCombine16PublisherBoxBaseC7receive10subscriberyqd___t5InputQyd__Rsz7FailureQyd__Rs_AA10SubscriberRd__lF
FN:137,$s11OpenCombine12PublisherBoxC4baseACyxGx_tcfc
FN:145,$s11OpenCombine12PublisherBoxC7receive10subscriberyqd___tAA10SubscriberRd__7FailureQyd__AGRtz5InputQyd__6OutputRtzlF
FNDA:0,$s11OpenCombine9PublisherPAAE010eraseToAnyC0AA0fC0Vy6OutputQz7FailureQzGyF
FNDA:0,$s11OpenCombine12AnyPublisherVyACyxq_Gqd__c6OutputQyd__Rsz7FailureQyd__Rs_AA0D0Rd__lufC
FNDA:0,$s11OpenCombine12AnyPublisherV11descriptionSSvg
FNDA:0,$s11OpenCombine12AnyPublisherV21playgroundDescriptionypvg
FNDA:0,$s11OpenCombine12AnyPublisherV7receive10subscriberyqd___t5InputQyd__Rsz7FailureQyd__Rs_AA10SubscriberRd__lF
FNDA:0,$s11OpenCombine16PublisherBoxBaseCACyxq_Gycfc
FNDA:0,$s11OpenCombine16PublisherBoxBaseC7receive10subscriberyqd___t5InputQyd__Rsz7FailureQyd__Rs_AA10SubscriberRd__lF
FNDA:0,$s11OpenCombine12PublisherBoxC4baseACyxGx_tcfc
FNDA:0,$s11OpenCombine12PublisherBoxC7receive10subscriberyqd___tAA10SubscriberRd__7FailureQyd__AGRtz5InputQyd__6OutputRtzlF
FNF:9
FNH:0
DA:50,0
DA:51,0
DA:52,0
DA:78,0
DA:79,0
DA:80,0
DA:81,0
DA:82,0
DA:83,0
DA:84,0
DA:85,0
DA:87,0
DA:88,0
DA:89,0
DA:91,0
DA:92,0
DA:93,0
DA:108,0
DA:109,0
DA:110,0
DA:119,0
DA:124,0
DA:125,0
DA:126,0
DA:137,0
DA:138,0
DA:139,0
DA:140,0
DA:145,0
DA:146,0
DA:147,0
BRF:0
BRH:0
LF:31
LH:0
end_of_record
SF:/Users/navan.chauhan/Developer/navanchauhan/swift-hn/SwiftTUI/.build/checkouts/OpenCombine/Sources/OpenCombine/AnySubscriber.swift
FN:33,$s11OpenCombine13AnySubscriberV11descriptionSSvg
FN:35,$s11OpenCombine13AnySubscriberV12customMirrors0F0Vvg
FN:38,$s11OpenCombine13AnySubscriberV21playgroundDescriptionypvg
FN:47,$s11OpenCombine13AnySubscriberVyACyxq_Gqd__c5InputQyd__Rsz7FailureQyd__Rs_AA0D0Rd__lufC
FN:58,$s11OpenCombine13AnySubscriberVyACyxq_Gqd__c5InputQyd__Rsz7FailureQyd__Rs_AA0D0Rd__lufcSSycfU_
FN:61,$s11OpenCombine13AnySubscriberVyACyxq_Gqd__c5InputQyd__Rsz7FailureQyd__Rs_AA0D0Rd__lufcSSycfU0_
FN:64,$s11OpenCombine13AnySubscriberVyACyxq_Gqd__c5InputQyd__Rsz7FailureQyd__Rs_AA0D0Rd__lufcs6MirrorVycfU1_
FN:66,$s11OpenCombine13AnySubscriberVyACyxq_Gqd__c5InputQyd__Rsz7FailureQyd__Rs_AA0D0Rd__lufcs6MirrorVycfU1_AKyKXEfu_
FN:70,$s11OpenCombine13AnySubscriberVyACyxq_Gqd__c5InputQyd__Rsz7FailureQyd__Rs_AA0D0Rd__lufcypycfU2_
FN:72,$s11OpenCombine13AnySubscriberVyACyxq_Gqd__c5InputQyd__Rsz7FailureQyd__Rs_AA0D0Rd__lufcypycfU3_
FN:75,$s11OpenCombine13AnySubscriberVyACyxq_Gqd__c5InputQyd__Rsz7FailureQyd__Rs_AA0D0Rd__lufcypycfU4_
FN:81,$s11OpenCombine13AnySubscriberVyACyxq_Gqd__c6OutputQyd__Rsz7FailureQyd__Rs_AA7SubjectRd__lufC
FN:98,$s11OpenCombine13AnySubscriberV19receiveSubscription0E5Value0E10CompletionACyxq_GyAA0F0_pcSg_AA11SubscribersO6DemandVxcSgyAK0H0Oy_q_GcSgtcfC
FN:101,$s11OpenCombine13AnySubscriberV19receiveSubscription0E5Value0E10CompletionACyxq_GyAA0F0_pcSg_AA11SubscribersO6DemandVxcSgyAK0H0Oy_q_GcSgtcfcyAaH_pcyKXEfu_
FN:101,$s11OpenCombine13AnySubscriberV19receiveSubscription0E5Value0E10CompletionACyxq_GyAA0F0_pcSg_AA11SubscribersO6DemandVxcSgyAK0H0Oy_q_GcSgtcfcyAaH_pcyKXEfu_yAaH_pcfU_
FN:102,$s11OpenCombine13AnySubscriberV19receiveSubscription0E5Value0E10CompletionACyxq_GyAA0F0_pcSg_AA11SubscribersO6DemandVxcSgyAK0H0Oy_q_GcSgtcfcAMxcyKXEfu0_
FN:102,$s11OpenCombine13AnySubscriberV19receiveSubscription0E5Value0E10CompletionACyxq_GyAA0F0_pcSg_AA11SubscribersO6DemandVxcSgyAK0H0Oy_q_GcSgtcfcAMxcyKXEfu0_AMxcfU0_
FN:103,$s11OpenCombine13AnySubscriberV19receiveSubscription0E5Value0E10CompletionACyxq_GyAA0F0_pcSg_AA11SubscribersO6DemandVxcSgyAK0H0Oy_q_GcSgtcfcyAQcyKXEfu1_
FN:103,$s11OpenCombine13AnySubscriberV19receiveSubscription0E5Value0E10CompletionACyxq_GyAA0F0_pcSg_AA11SubscribersO6DemandVxcSgyAK0H0Oy_q_GcSgtcfcyAQcyKXEfu1_yAQcfU1_
FN:107,$s11OpenCombine13AnySubscriberV19receiveSubscription0E5Value0E10CompletionACyxq_GyAA0F0_pcSg_AA11SubscribersO6DemandVxcSgyAK0H0Oy_q_GcSgtcfcSSycfU2_
FN:108,$s11OpenCombine13AnySubscriberV19receiveSubscription0E5Value0E10CompletionACyxq_GyAA0F0_pcSg_AA11SubscribersO6DemandVxcSgyAK0H0Oy_q_GcSgtcfcs6MirrorVycfU3_
FN:109,$s11OpenCombine13AnySubscriberV19receiveSubscription0E5Value0E10CompletionACyxq_GyAA0F0_pcSg_AA11SubscribersO6DemandVxcSgyAK0H0Oy_q_GcSgtcfcypycfU4_
FN:114,$s11OpenCombine13AnySubscriberV7receive12subscriptionyAA12Subscription_p_tF
FN:120,$s11OpenCombine13AnySubscriberV7receiveyAA11SubscribersO6DemandVxF
FN:126,$s11OpenCombine13AnySubscriberV7receive10completionyAA11SubscribersO10CompletionOy_q_G_tF
FN:138,$s11OpenCombine17AnySubscriberBaseCACyxq_Gycfc
FN:142,$s11OpenCombine17AnySubscriberBaseCfd
FN:145,$s11OpenCombine17AnySubscriberBaseC7receive12subscriptionyAA12Subscription_p_tF
FN:150,$s11OpenCombine17AnySubscriberBaseC7receiveyAA11SubscribersO6DemandVxF
FN:155,$s11OpenCombine17AnySubscriberBaseC7receive10completionyAA11SubscribersO10CompletionOy_q_G_tF
FN:168,$s11OpenCombine16AnySubscriberBoxCyACyxGxcfc
FN:173,$s11OpenCombine16AnySubscriberBoxCfd
FN:176,$s11OpenCombine16AnySubscriberBoxC7receive12subscriptionyAA12Subscription_p_tF
FN:181,$s11OpenCombine16AnySubscriberBoxC7receiveyAA11SubscribersO6DemandV5InputQzF
FN:186,$s11OpenCombine16AnySubscriberBoxC7receive10completionyAA11SubscribersO10CompletionOy_7FailureQzG_tF
FN:207,$s11OpenCombine25ClosureBasedAnySubscriberCyACyxq_GyAA12Subscription_pc_AA11SubscribersO6DemandVxcyAG10CompletionOy_q_Gctcfc
FN:214,$s11OpenCombine25ClosureBasedAnySubscriberCfd
FN:217,$s11OpenCombine25ClosureBasedAnySubscriberC7receive12subscriptionyAA12Subscription_p_tF
FN:222,$s11OpenCombine25ClosureBasedAnySubscriberC7receiveyAA11SubscribersO6DemandVxF
FN:227,$s11OpenCombine25ClosureBasedAnySubscriberC7receive10completionyAA11SubscribersO10CompletionOy_q_G_tF
FNDA:0,$s11OpenCombine13AnySubscriberV11descriptionSSvg
FNDA:0,$s11OpenCombine13AnySubscriberV12customMirrors0F0Vvg
FNDA:0,$s11OpenCombine13AnySubscriberV21playgroundDescriptionypvg
FNDA:0,$s11OpenCombine13AnySubscriberVyACyxq_Gqd__c5InputQyd__Rsz7FailureQyd__Rs_AA0D0Rd__lufC
FNDA:0,$s11OpenCombine13AnySubscriberVyACyxq_Gqd__c5InputQyd__Rsz7FailureQyd__Rs_AA0D0Rd__lufcSSycfU_
FNDA:0,$s11OpenCombine13AnySubscriberVyACyxq_Gqd__c5InputQyd__Rsz7FailureQyd__Rs_AA0D0Rd__lufcSSycfU0_
FNDA:0,$s11OpenCombine13AnySubscriberVyACyxq_Gqd__c5InputQyd__Rsz7FailureQyd__Rs_AA0D0Rd__lufcs6MirrorVycfU1_
FNDA:0,$s11OpenCombine13AnySubscriberVyACyxq_Gqd__c5InputQyd__Rsz7FailureQyd__Rs_AA0D0Rd__lufcs6MirrorVycfU1_AKyKXEfu_
FNDA:0,$s11OpenCombine13AnySubscriberVyACyxq_Gqd__c5InputQyd__Rsz7FailureQyd__Rs_AA0D0Rd__lufcypycfU2_
FNDA:0,$s11OpenCombine13AnySubscriberVyACyxq_Gqd__c5InputQyd__Rsz7FailureQyd__Rs_AA0D0Rd__lufcypycfU3_
FNDA:0,$s11OpenCombine13AnySubscriberVyACyxq_Gqd__c5InputQyd__Rsz7FailureQyd__Rs_AA0D0Rd__lufcypycfU4_
FNDA:0,$s11OpenCombine13AnySubscriberVyACyxq_Gqd__c6OutputQyd__Rsz7FailureQyd__Rs_AA7SubjectRd__lufC
FNDA:0,$s11OpenCombine13AnySubscriberV19receiveSubscription0E5Value0E10CompletionACyxq_GyAA0F0_pcSg_AA11SubscribersO6DemandVxcSgyAK0H0Oy_q_GcSgtcfC
FNDA:0,$s11OpenCombine13AnySubscriberV19receiveSubscription0E5Value0E10CompletionACyxq_GyAA0F0_pcSg_AA11SubscribersO6DemandVxcSgyAK0H0Oy_q_GcSgtcfcyAaH_pcyKXEfu_
FNDA:0,$s11OpenCombine13AnySubscriberV19receiveSubscription0E5Value0E10CompletionACyxq_GyAA0F0_pcSg_AA11SubscribersO6DemandVxcSgyAK0H0Oy_q_GcSgtcfcyAaH_pcyKXEfu_yAaH_pcfU_
FNDA:0,$s11OpenCombine13AnySubscriberV19receiveSubscription0E5Value0E10CompletionACyxq_GyAA0F0_pcSg_AA11SubscribersO6DemandVxcSgyAK0H0Oy_q_GcSgtcfcAMxcyKXEfu0_
FNDA:0,$s11OpenCombine13AnySubscriberV19receiveSubscription0E5Value0E10CompletionACyxq_GyAA0F0_pcSg_AA11SubscribersO6DemandVxcSgyAK0H0Oy_q_GcSgtcfcAMxcyKXEfu0_AMxcfU0_
FNDA:0,$s11OpenCombine13AnySubscriberV19receiveSubscription0E5Value0E10CompletionACyxq_GyAA0F0_pcSg_AA11SubscribersO6DemandVxcSgyAK0H0Oy_q_GcSgtcfcyAQcyKXEfu1_
FNDA:0,$s11OpenCombine13AnySubscriberV19receiveSubscription0E5Value0E10CompletionACyxq_GyAA0F0_pcSg_AA11SubscribersO6DemandVxcSgyAK0H0Oy_q_GcSgtcfcyAQcyKXEfu1_yAQcfU1_
FNDA:0,$s11OpenCombine13AnySubscriberV19receiveSubscription0E5Value0E10CompletionACyxq_GyAA0F0_pcSg_AA11SubscribersO6DemandVxcSgyAK0H0Oy_q_GcSgtcfcSSycfU2_
FNDA:0,$s11OpenCombine13AnySubscriberV19receiveSubscription0E5Value0E10CompletionACyxq_GyAA0F0_pcSg_AA11SubscribersO6DemandVxcSgyAK0H0Oy_q_GcSgtcfcs6MirrorVycfU3_
FNDA:0,$s11OpenCombine13AnySubscriberV19receiveSubscription0E5Value0E10CompletionACyxq_GyAA0F0_pcSg_AA11SubscribersO6DemandVxcSgyAK0H0Oy_q_GcSgtcfcypycfU4_
FNDA:0,$s11OpenCombine13AnySubscriberV7receive12subscriptionyAA12Subscription_p_tF
FNDA:0,$s11OpenCombine13AnySubscriberV7receiveyAA11SubscribersO6DemandVxF
FNDA:0,$s11OpenCombine13AnySubscriberV7receive10completionyAA11SubscribersO10CompletionOy_q_G_tF
FNDA:0,$s11OpenCombine17AnySubscriberBaseCACyxq_Gycfc
FNDA:0,$s11OpenCombine17AnySubscriberBaseCfd
FNDA:0,$s11OpenCombine17AnySubscriberBaseC7receive12subscriptionyAA12Subscription_p_tF
FNDA:0,$s11OpenCombine17AnySubscriberBaseC7receiveyAA11SubscribersO6DemandVxF
FNDA:0,$s11OpenCombine17AnySubscriberBaseC7receive10completionyAA11SubscribersO10CompletionOy_q_G_tF
FNDA:0,$s11OpenCombine16AnySubscriberBoxCyACyxGxcfc
FNDA:0,$s11OpenCombine16AnySubscriberBoxCfd
FNDA:0,$s11OpenCombine16AnySubscriberBoxC7receive12subscriptionyAA12Subscription_p_tF
FNDA:0,$s11OpenCombine16AnySubscriberBoxC7receiveyAA11SubscribersO6DemandV5InputQzF
FNDA:0,$s11OpenCombine16AnySubscriberBoxC7receive10completionyAA11SubscribersO10CompletionOy_7FailureQzG_tF
FNDA:0,$s11OpenCombine25ClosureBasedAnySubscriberCyACyxq_GyAA12Subscription_pc_AA11SubscribersO6DemandVxcyAG10CompletionOy_q_Gctcfc
FNDA:0,$s11OpenCombine25ClosureBasedAnySubscriberCfd
FNDA:0,$s11OpenCombine25ClosureBasedAnySubscriberC7receive12subscriptionyAA12Subscription_p_tF
FNDA:0,$s11OpenCombine25ClosureBasedAnySubscriberC7receiveyAA11SubscribersO6DemandVxF
FNDA:0,$s11OpenCombine25ClosureBasedAnySubscriberC7receive10completionyAA11SubscribersO10CompletionOy_q_G_tF
FNF:37
FNH:0
DA:33,0
DA:35,0
DA:38,0
DA:47,0
DA:48,0
DA:49,0
DA:50,0
DA:51,0
DA:52,0
DA:53,0
DA:54,0
DA:55,0
DA:56,0
DA:57,0
DA:58,0
DA:59,0
DA:60,0
DA:61,0
DA:62,0
DA:63,0
DA:64,0
DA:65,0
DA:66,0
DA:67,0
DA:68,0
DA:69,0
DA:70,0
DA:71,0
DA:72,0
DA:73,0
DA:74,0
DA:75,0
DA:76,0
DA:77,0
DA:81,0
DA:82,0
DA:83,0
DA:98,0
DA:99,0
DA:100,0
DA:101,0
DA:102,0
DA:103,0
DA:104,0
DA:105,0
DA:106,0
DA:107,0
DA:108,0
DA:109,0
DA:110,0
DA:114,0
DA:115,0
DA:116,0
DA:120,0
DA:121,0
DA:122,0
DA:126,0
DA:127,0
DA:128,0
DA:138,0
DA:142,0
DA:145,0
DA:146,0
DA:147,0
DA:150,0
DA:151,0
DA:152,0
DA:155,0
DA:156,0
DA:157,0
DA:168,0
DA:169,0
DA:170,0
DA:173,0
DA:176,0
DA:177,0
DA:178,0
DA:181,0
DA:182,0
DA:183,0
DA:186,0
DA:187,0
DA:188,0
DA:207,0
DA:208,0
DA:209,0
DA:210,0
DA:211,0
DA:214,0
DA:217,0
DA:218,0
DA:219,0
DA:222,0
DA:223,0
DA:224,0
DA:227,0
DA:228,0
DA:229,0
BRF:0
BRH:0
LF:114
LH:0
end_of_record
SF:/Users/navan.chauhan/Developer/navanchauhan/swift-hn/SwiftTUI/.build/checkouts/OpenCombine/Sources/OpenCombine/Cancellable.swift
FN:25,$s11OpenCombine11CancellablePAAE5store2inyqd__z_tSmRd__AA03AnyC0C7ElementRtd__lF
FN:32,$s11OpenCombine11CancellablePAAE5store2inyShyAA03AnyC0CGz_tF
FNDA:0,$s11OpenCombine11CancellablePAAE5store2inyqd__z_tSmRd__AA03AnyC0C7ElementRtd__lF
FNDA:0,$s11OpenCombine11CancellablePAAE5store2inyShyAA03AnyC0CGz_tF
FNF:2
FNH:0
DA:25,0
DA:26,0
DA:27,0
DA:32,0
DA:33,0
DA:34,0
BRF:0
BRH:0
LF:6
LH:0
end_of_record
SF:/Users/navan.chauhan/Developer/navanchauhan/swift-hn/SwiftTUI/.build/checkouts/OpenCombine/Sources/OpenCombine/CombineIdentifier.swift
FN:33,$s11OpenCombine0B10IdentifierVACycfC
FN:38,$s11OpenCombine0B10IdentifierVyACyXlcfC
FN:42,$s11OpenCombine0B10IdentifierV11descriptionSSvg
FNDA:0,$s11OpenCombine0B10IdentifierVACycfC
FNDA:0,$s11OpenCombine0B10IdentifierVyACyXlcfC
FNDA:0,$s11OpenCombine0B10IdentifierV11descriptionSSvg
FNF:3
FNH:0
DA:33,0
DA:34,0
DA:35,0
DA:38,0
DA:39,0
DA:40,0
DA:42,0
DA:43,0
DA:44,0
BRF:0
BRH:0
LF:9
LH:0
end_of_record
SF:/Users/navan.chauhan/Developer/navanchauhan/swift-hn/SwiftTUI/.build/checkouts/OpenCombine/Sources/OpenCombine/Concurrency/Future+Concurrency.swift
FN:22,$s11OpenCombine6FutureCAAs5NeverORs_rlE5valuexvg
FN:38,$s11OpenCombine6FutureC5valuexvg
FN:54,$s11OpenCombine22ContinuationSubscriber028_1E3F328D5D2BE72023B00215153G3F71LLC4lockSo0aB10UnfairLockVvpfi
FN:56,$s11OpenCombine22ContinuationSubscriber028_1E3F328D5D2BE72023B00215153G3F71LLCyADyxq_q0_GSccyxq0_Gcfc
FN:60,$s11OpenCombine22ContinuationSubscriber028_1E3F328D5D2BE72023B00215153G3F71LLCfd
FN:64,$s11OpenCombine22ContinuationSubscriber028_1E3F328D5D2BE72023B00215153G3F71LLC7receive12subscriptionyAA12Subscription_p_tF
FN:67,$s11OpenCombine22ContinuationSubscriber028_1E3F328D5D2BE72023B00215153G3F71LLC7receive12subscriptionyAA12Subscription_p_tFSSyXEfu_
FN:77,$s11OpenCombine22ContinuationSubscriber028_1E3F328D5D2BE72023B00215153G3F71LLC7receiveyAA11SubscribersO6DemandVxF
FN:83,$s11OpenCombine22ContinuationSubscriber028_1E3F328D5D2BE72023B00215153G3F71LLC7receiveyAA11SubscribersO6DemandVxFSSyXEfu_
FN:89,$s11OpenCombine22ContinuationSubscriber028_1E3F328D5D2BE72023B00215153G3F71LLC7receive10completionyAA11SubscribersO10CompletionOy_q_G_tF
FN:93,$s11OpenCombine22ContinuationSubscriber028_1E3F328D5D2BE72023B00215153G3F71LLC7receive10completionyAA11SubscribersO10CompletionOy_q_G_tFyq_cADyxq_q0_Gcfu_
FN:93,$s11OpenCombine22ContinuationSubscriber028_1E3F328D5D2BE72023B00215153G3F71LLC7receive10completionyAA11SubscribersO10CompletionOy_q_G_tFyq_cADyxq_q0_Gcfu_yq_cfu0_
FN:96,$s11OpenCombine22ContinuationSubscriber028_1E3F328D5D2BE72023B00215153G3F71LLC13handleFailureyyq_F
FN:102,$s11OpenCombine22ContinuationSubscriber028_1E3F328D5D2BE72023B00215153G3F71LLC13handleFailureyyq_FSSyXEfu_
FN:115,$s11OpenCombine22ContinuationSubscriber028_1E3F328D5D2BE72023B00215153G3F71LLCAAs5Error_pRs0_rlE30withUnsafeThrowingSubscriptionyxqd__YaK6OutputQyd__Rsz7FailureQyd__Rs_AA9PublisherRd__lFZ
FN:116,$s11OpenCombine22ContinuationSubscriber028_1E3F328D5D2BE72023B00215153G3F71LLCAAs5Error_pRs0_rlE30withUnsafeThrowingSubscriptionyxqd__YaK6OutputQyd__Rsz7FailureQyd__Rs_AA9PublisherRd__lFZySccyxsAE_pGXEfU_
FN:129,$s11OpenCombine22ContinuationSubscriber028_1E3F328D5D2BE72023B00215153G3F71LLCAAs5NeverORs_AFRs0_rlE22withUnsafeSubscriptionyxqd__Ya6OutputQyd__RszAA9PublisherRd__AF7FailureRtd__lFZ
FN:130,$s11OpenCombine22ContinuationSubscriber028_1E3F328D5D2BE72023B00215153G3F71LLCAAs5NeverORs_AFRs0_rlE22withUnsafeSubscriptionyxqd__Ya6OutputQyd__RszAA9PublisherRd__AF7FailureRtd__lFZySccyxAFGXEfU_
FNDA:0,$s11OpenCombine6FutureCAAs5NeverORs_rlE5valuexvg
FNDA:0,$s11OpenCombine6FutureC5valuexvg
FNDA:0,$s11OpenCombine22ContinuationSubscriber028_1E3F328D5D2BE72023B00215153G3F71LLC4lockSo0aB10UnfairLockVvpfi
FNDA:0,$s11OpenCombine22ContinuationSubscriber028_1E3F328D5D2BE72023B00215153G3F71LLCyADyxq_q0_GSccyxq0_Gcfc
FNDA:0,$s11OpenCombine22ContinuationSubscriber028_1E3F328D5D2BE72023B00215153G3F71LLCfd
FNDA:0,$s11OpenCombine22ContinuationSubscriber028_1E3F328D5D2BE72023B00215153G3F71LLC7receive12subscriptionyAA12Subscription_p_tF
FNDA:0,$s11OpenCombine22ContinuationSubscriber028_1E3F328D5D2BE72023B00215153G3F71LLC7receive12subscriptionyAA12Subscription_p_tFSSyXEfu_
FNDA:0,$s11OpenCombine22ContinuationSubscriber028_1E3F328D5D2BE72023B00215153G3F71LLC7receiveyAA11SubscribersO6DemandVxF
FNDA:0,$s11OpenCombine22ContinuationSubscriber028_1E3F328D5D2BE72023B00215153G3F71LLC7receiveyAA11SubscribersO6DemandVxFSSyXEfu_
FNDA:0,$s11OpenCombine22ContinuationSubscriber028_1E3F328D5D2BE72023B00215153G3F71LLC7receive10completionyAA11SubscribersO10CompletionOy_q_G_tF
FNDA:0,$s11OpenCombine22ContinuationSubscriber028_1E3F328D5D2BE72023B00215153G3F71LLC7receive10completionyAA11SubscribersO10CompletionOy_q_G_tFyq_cADyxq_q0_Gcfu_
FNDA:0,$s11OpenCombine22ContinuationSubscriber028_1E3F328D5D2BE72023B00215153G3F71LLC7receive10completionyAA11SubscribersO10CompletionOy_q_G_tFyq_cADyxq_q0_Gcfu_yq_cfu0_
FNDA:0,$s11OpenCombine22ContinuationSubscriber028_1E3F328D5D2BE72023B00215153G3F71LLC13handleFailureyyq_F
FNDA:0,$s11OpenCombine22ContinuationSubscriber028_1E3F328D5D2BE72023B00215153G3F71LLC13handleFailureyyq_FSSyXEfu_
FNDA:0,$s11OpenCombine22ContinuationSubscriber028_1E3F328D5D2BE72023B00215153G3F71LLCAAs5Error_pRs0_rlE30withUnsafeThrowingSubscriptionyxqd__YaK6OutputQyd__Rsz7FailureQyd__Rs_AA9PublisherRd__lFZ
FNDA:0,$s11OpenCombine22ContinuationSubscriber028_1E3F328D5D2BE72023B00215153G3F71LLCAAs5Error_pRs0_rlE30withUnsafeThrowingSubscriptionyxqd__YaK6OutputQyd__Rsz7FailureQyd__Rs_AA9PublisherRd__lFZySccyxsAE_pGXEfU_
FNDA:0,$s11OpenCombine22ContinuationSubscriber028_1E3F328D5D2BE72023B00215153G3F71LLCAAs5NeverORs_AFRs0_rlE22withUnsafeSubscriptionyxqd__Ya6OutputQyd__RszAA9PublisherRd__AF7FailureRtd__lFZ
FNDA:0,$s11OpenCombine22ContinuationSubscriber028_1E3F328D5D2BE72023B00215153G3F71LLCAAs5NeverORs_AFRs0_rlE22withUnsafeSubscriptionyxqd__Ya6OutputQyd__RszAA9PublisherRd__AF7FailureRtd__lFZySccyxAFGXEfU_
FNF:17
FNH:0
DA:22,0
DA:23,0
DA:24,0
DA:38,0
DA:39,0
DA:40,0
DA:54,0
DA:56,0
DA:57,0
DA:58,0
DA:60,0
DA:61,0
DA:62,0
DA:64,0
DA:65,0
DA:66,0
DA:67,0
DA:68,0
DA:69,0
DA:70,0
DA:71,0
DA:72,0
DA:73,0
DA:74,0
DA:75,0
DA:77,0
DA:78,0
DA:79,0
DA:80,0
DA:81,0
DA:82,0
DA:83,0
DA:84,0
DA:85,0
DA:86,0
DA:87,0
DA:89,0
DA:90,0
DA:91,0
DA:92,0
DA:93,0
DA:94,0
DA:96,0
DA:97,0
DA:98,0
DA:99,0
DA:100,0
DA:101,0
DA:102,0
DA:103,0
DA:104,0
DA:105,0
DA:115,0
DA:116,0
DA:117,0
DA:118,0
DA:119,0
DA:129,0
DA:130,0
DA:131,0
DA:132,0
DA:133,0
BRF:0
BRH:0
LF:72
LH:0
end_of_record
SF:/Users/navan.chauhan/Developer/navanchauhan/swift-hn/SwiftTUI/.build/checkouts/OpenCombine/Sources/OpenCombine/Concurrency/GENERATED-Publisher+Concurrency.swift
FN:28,$s11OpenCombine9PublisherPAAs5NeverO7FailureRtzrlE6valuesAA05AsyncC0VyxGvg
FN:58,$s11OpenCombine14AsyncPublisherV8IteratorV4next6OutputQzSgyYaF
FN:60,$s11OpenCombine14AsyncPublisherV8IteratorV4next6OutputQzSgyYaFAIyYaXEfU_
FN:61,$s11OpenCombine14AsyncPublisherV8IteratorV4next6OutputQzSgyYaFyyYbXEfU0_
FN:77,$s11OpenCombine14AsyncPublisherVyACyxGxcfC
FN:86,$s11OpenCombine14AsyncPublisherV04makeC8IteratorAC0F0Vyx_GyF
FN:106,$s11OpenCombine14AsyncPublisherV8IteratorV5Inner33_AE5687E675CF7EBCF476D14CB28688ADLLC4lockSo0aB10UnfairLockVvpfi
FN:107,$s11OpenCombine14AsyncPublisherV8IteratorV5Inner33_AE5687E675CF7EBCF476D14CB28688ADLLC7pendingSaySccy6OutputQzSgs5NeverOGGvpfi
FN:108,$s11OpenCombine14AsyncPublisherV8IteratorV5Inner33_AE5687E675CF7EBCF476D14CB28688ADLLC5stateAH5StateOyx___Gvpfi
FN:109,$s11OpenCombine14AsyncPublisherV8IteratorV5Inner33_AE5687E675CF7EBCF476D14CB28688ADLLC13pendingDemandAA11SubscribersO0O0Vvpfi
FN:111,$s11OpenCombine14AsyncPublisherV8IteratorV5Inner33_AE5687E675CF7EBCF476D14CB28688ADLLCfd
FN:115,$s11OpenCombine14AsyncPublisherV8IteratorV5Inner33_AE5687E675CF7EBCF476D14CB28688ADLLC7receive12subscriptionyAA12Subscription_p_tF
FN:131,$s11OpenCombine14AsyncPublisherV8IteratorV5Inner33_AE5687E675CF7EBCF476D14CB28688ADLLC7receiveyAA11SubscribersO6DemandV6OutputQzF
FN:139,$s11OpenCombine14AsyncPublisherV8IteratorV5Inner33_AE5687E675CF7EBCF476D14CB28688ADLLC7receiveyAA11SubscribersO6DemandV6OutputQzFSbyXEfu_
FN:139,$s11OpenCombine14AsyncPublisherV8IteratorV5Inner33_AE5687E675CF7EBCF476D14CB28688ADLLC7receiveyAA11SubscribersO6DemandV6OutputQzFSSyXEfu0_
FN:146,$s11OpenCombine14AsyncPublisherV8IteratorV5Inner33_AE5687E675CF7EBCF476D14CB28688ADLLC7receive10completionyAA11SubscribersO10CompletionOy_s5NeverOG_tF
FN:154,$s11OpenCombine14AsyncPublisherV8IteratorV5Inner33_AE5687E675CF7EBCF476D14CB28688ADLLC6cancelyyF
FN:169,$s11OpenCombine14AsyncPublisherV8IteratorV5Inner33_AE5687E675CF7EBCF476D14CB28688ADLLC4next6OutputQzSgyYaF
FN:170,$s11OpenCombine14AsyncPublisherV8IteratorV5Inner33_AE5687E675CF7EBCF476D14CB28688ADLLC4next6OutputQzSgyYaFySccyALs5NeverOGXEfU_
FN:200,$s11OpenCombine9PublisherPAAE6valuesAA013AsyncThrowingC0VyxGvg
FN:233,$s11OpenCombine22AsyncThrowingPublisherV8IteratorV4next6OutputQzSgyYaKF
FN:235,$s11OpenCombine22AsyncThrowingPublisherV8IteratorV4next6OutputQzSgyYaKFAIyYaKXEfU_
FN:236,$s11OpenCombine22AsyncThrowingPublisherV8IteratorV4next6OutputQzSgyYaKFyyYbXEfU0_
FN:252,$s11OpenCombine22AsyncThrowingPublisherVyACyxGxcfC
FN:261,$s11OpenCombine22AsyncThrowingPublisherV04makeC8IteratorAC0G0Vyx_GyF
FN:281,$s11OpenCombine22AsyncThrowingPublisherV8IteratorV5Inner33_AE5687E675CF7EBCF476D14CB28688ADLLC4lockSo0aB10UnfairLockVvpfi
FN:282,$s11OpenCombine22AsyncThrowingPublisherV8IteratorV5Inner33_AE5687E675CF7EBCF476D14CB28688ADLLC7pendingSaySccy6OutputQzSgs5Error_pGGvpfi
FN:283,$s11OpenCombine22AsyncThrowingPublisherV8IteratorV5Inner33_AE5687E675CF7EBCF476D14CB28688ADLLC5stateAH5StateOyx___Gvpfi
FN:284,$s11OpenCombine22AsyncThrowingPublisherV8IteratorV5Inner33_AE5687E675CF7EBCF476D14CB28688ADLLC13pendingDemandAA11SubscribersO0P0Vvpfi
FN:286,$s11OpenCombine22AsyncThrowingPublisherV8IteratorV5Inner33_AE5687E675CF7EBCF476D14CB28688ADLLCfd
FN:290,$s11OpenCombine22AsyncThrowingPublisherV8IteratorV5Inner33_AE5687E675CF7EBCF476D14CB28688ADLLC7receive12subscriptionyAA12Subscription_p_tF
FN:306,$s11OpenCombine22AsyncThrowingPublisherV8IteratorV5Inner33_AE5687E675CF7EBCF476D14CB28688ADLLC7receiveyAA11SubscribersO6DemandV6OutputQzF
FN:314,$s11OpenCombine22AsyncThrowingPublisherV8IteratorV5Inner33_AE5687E675CF7EBCF476D14CB28688ADLLC7receiveyAA11SubscribersO6DemandV6OutputQzFSbyXEfu_
FN:314,$s11OpenCombine22AsyncThrowingPublisherV8IteratorV5Inner33_AE5687E675CF7EBCF476D14CB28688ADLLC7receiveyAA11SubscribersO6DemandV6OutputQzFSSyXEfu0_
FN:321,$s11OpenCombine22AsyncThrowingPublisherV8IteratorV5Inner33_AE5687E675CF7EBCF476D14CB28688ADLLC7receive10completionyAA11SubscribersO10CompletionOy_7FailureQzG_tF
FN:347,$s11OpenCombine22AsyncThrowingPublisherV8IteratorV5Inner33_AE5687E675CF7EBCF476D14CB28688ADLLC6cancelyyF
FN:362,$s11OpenCombine22AsyncThrowingPublisherV8IteratorV5Inner33_AE5687E675CF7EBCF476D14CB28688ADLLC4next6OutputQzSgyYaKF
FN:363,$s11OpenCombine22AsyncThrowingPublisherV8IteratorV5Inner33_AE5687E675CF7EBCF476D14CB28688ADLLC4next6OutputQzSgyYaKFySccyALs5Error_pGXEfU_
FN:391,$sST11OpenCombineE16resumeAllWithNil33_AE5687E675CF7EBCF476D14CB28688ADLLyys5ErrorRd_0_Sccyqd__Sgqd_0_G7ElementRtzr0_lF
FNDA:0,$s11OpenCombine9PublisherPAAs5NeverO7FailureRtzrlE6valuesAA05AsyncC0VyxGvg
FNDA:0,$s11OpenCombine14AsyncPublisherV8IteratorV4next6OutputQzSgyYaF
FNDA:0,$s11OpenCombine14AsyncPublisherV8IteratorV4next6OutputQzSgyYaFAIyYaXEfU_
FNDA:0,$s11OpenCombine14AsyncPublisherV8IteratorV4next6OutputQzSgyYaFyyYbXEfU0_
FNDA:0,$s11OpenCombine14AsyncPublisherVyACyxGxcfC
FNDA:0,$s11OpenCombine14AsyncPublisherV04makeC8IteratorAC0F0Vyx_GyF
FNDA:0,$s11OpenCombine14AsyncPublisherV8IteratorV5Inner33_AE5687E675CF7EBCF476D14CB28688ADLLC4lockSo0aB10UnfairLockVvpfi
FNDA:0,$s11OpenCombine14AsyncPublisherV8IteratorV5Inner33_AE5687E675CF7EBCF476D14CB28688ADLLC7pendingSaySccy6OutputQzSgs5NeverOGGvpfi
FNDA:0,$s11OpenCombine14AsyncPublisherV8IteratorV5Inner33_AE5687E675CF7EBCF476D14CB28688ADLLC5stateAH5StateOyx___Gvpfi
FNDA:0,$s11OpenCombine14AsyncPublisherV8IteratorV5Inner33_AE5687E675CF7EBCF476D14CB28688ADLLC13pendingDemandAA11SubscribersO0O0Vvpfi
FNDA:0,$s11OpenCombine14AsyncPublisherV8IteratorV5Inner33_AE5687E675CF7EBCF476D14CB28688ADLLCfd
FNDA:0,$s11OpenCombine14AsyncPublisherV8IteratorV5Inner33_AE5687E675CF7EBCF476D14CB28688ADLLC7receive12subscriptionyAA12Subscription_p_tF
FNDA:0,$s11OpenCombine14AsyncPublisherV8IteratorV5Inner33_AE5687E675CF7EBCF476D14CB28688ADLLC7receiveyAA11SubscribersO6DemandV6OutputQzF
FNDA:0,$s11OpenCombine14AsyncPublisherV8IteratorV5Inner33_AE5687E675CF7EBCF476D14CB28688ADLLC7receiveyAA11SubscribersO6DemandV6OutputQzFSbyXEfu_
FNDA:0,$s11OpenCombine14AsyncPublisherV8IteratorV5Inner33_AE5687E675CF7EBCF476D14CB28688ADLLC7receiveyAA11SubscribersO6DemandV6OutputQzFSSyXEfu0_
FNDA:0,$s11OpenCombine14AsyncPublisherV8IteratorV5Inner33_AE5687E675CF7EBCF476D14CB28688ADLLC7receive10completionyAA11SubscribersO10CompletionOy_s5NeverOG_tF
FNDA:0,$s11OpenCombine14AsyncPublisherV8IteratorV5Inner33_AE5687E675CF7EBCF476D14CB28688ADLLC6cancelyyF
FNDA:0,$s11OpenCombine14AsyncPublisherV8IteratorV5Inner33_AE5687E675CF7EBCF476D14CB28688ADLLC4next6OutputQzSgyYaF
FNDA:0,$s11OpenCombine14AsyncPublisherV8IteratorV5Inner33_AE5687E675CF7EBCF476D14CB28688ADLLC4next6OutputQzSgyYaFySccyALs5NeverOGXEfU_
FNDA:0,$s11OpenCombine9PublisherPAAE6valuesAA013AsyncThrowingC0VyxGvg
FNDA:0,$s11OpenCombine22AsyncThrowingPublisherV8IteratorV4next6OutputQzSgyYaKF
FNDA:0,$s11OpenCombine22AsyncThrowingPublisherV8IteratorV4next6OutputQzSgyYaKFAIyYaKXEfU_
FNDA:0,$s11OpenCombine22AsyncThrowingPublisherV8IteratorV4next6OutputQzSgyYaKFyyYbXEfU0_
FNDA:0,$s11OpenCombine22AsyncThrowingPublisherVyACyxGxcfC
FNDA:0,$s11OpenCombine22AsyncThrowingPublisherV04makeC8IteratorAC0G0Vyx_GyF
FNDA:0,$s11OpenCombine22AsyncThrowingPublisherV8IteratorV5Inner33_AE5687E675CF7EBCF476D14CB28688ADLLC4lockSo0aB10UnfairLockVvpfi
FNDA:0,$s11OpenCombine22AsyncThrowingPublisherV8IteratorV5Inner33_AE5687E675CF7EBCF476D14CB28688ADLLC7pendingSaySccy6OutputQzSgs5Error_pGGvpfi
FNDA:0,$s11OpenCombine22AsyncThrowingPublisherV8IteratorV5Inner33_AE5687E675CF7EBCF476D14CB28688ADLLC5stateAH5StateOyx___Gvpfi
FNDA:0,$s11OpenCombine22AsyncThrowingPublisherV8IteratorV5Inner33_AE5687E675CF7EBCF476D14CB28688ADLLC13pendingDemandAA11SubscribersO0P0Vvpfi
FNDA:0,$s11OpenCombine22AsyncThrowingPublisherV8IteratorV5Inner33_AE5687E675CF7EBCF476D14CB28688ADLLCfd
FNDA:0,$s11OpenCombine22AsyncThrowingPublisherV8IteratorV5Inner33_AE5687E675CF7EBCF476D14CB28688ADLLC7receive12subscriptionyAA12Subscription_p_tF
FNDA:0,$s11OpenCombine22AsyncThrowingPublisherV8IteratorV5Inner33_AE5687E675CF7EBCF476D14CB28688ADLLC7receiveyAA11SubscribersO6DemandV6OutputQzF
FNDA:0,$s11OpenCombine22AsyncThrowingPublisherV8IteratorV5Inner33_AE5687E675CF7EBCF476D14CB28688ADLLC7receiveyAA11SubscribersO6DemandV6OutputQzFSbyXEfu_
FNDA:0,$s11OpenCombine22AsyncThrowingPublisherV8IteratorV5Inner33_AE5687E675CF7EBCF476D14CB28688ADLLC7receiveyAA11SubscribersO6DemandV6OutputQzFSSyXEfu0_
FNDA:0,$s11OpenCombine22AsyncThrowingPublisherV8IteratorV5Inner33_AE5687E675CF7EBCF476D14CB28688ADLLC7receive10completionyAA11SubscribersO10CompletionOy_7FailureQzG_tF
FNDA:0,$s11OpenCombine22AsyncThrowingPublisherV8IteratorV5Inner33_AE5687E675CF7EBCF476D14CB28688ADLLC6cancelyyF
FNDA:0,$s11OpenCombine22AsyncThrowingPublisherV8IteratorV5Inner33_AE5687E675CF7EBCF476D14CB28688ADLLC4next6OutputQzSgyYaKF
FNDA:0,$s11OpenCombine22AsyncThrowingPublisherV8IteratorV5Inner33_AE5687E675CF7EBCF476D14CB28688ADLLC4next6OutputQzSgyYaKFySccyALs5Error_pGXEfU_
FNDA:0,$sST11OpenCombineE16resumeAllWithNil33_AE5687E675CF7EBCF476D14CB28688ADLLyys5ErrorRd_0_Sccyqd__Sgqd_0_G7ElementRtzr0_lF
FNF:39
FNH:0
DA:28,0
DA:29,0
DA:30,0
DA:58,0
DA:59,0
DA:60,0
DA:61,0
DA:62,0
DA:63,0
DA:77,0
DA:78,0
DA:79,0
DA:86,0
DA:87,0
DA:88,0
DA:89,0
DA:90,0
DA:106,0
DA:107,0
DA:108,0
DA:109,0
DA:111,0
DA:112,0
DA:113,0
DA:115,0
DA:116,0
DA:117,0
DA:118,0
DA:119,0
DA:120,0
DA:121,0
DA:122,0
DA:123,0
DA:124,0
DA:125,0
DA:126,0
DA:127,0
DA:128,0
DA:129,0
DA:131,0
DA:132,0
DA:133,0
DA:134,0
DA:135,0
DA:136,0
DA:137,0
DA:138,0
DA:139,0
DA:140,0
DA:141,0
DA:142,0
DA:143,0
DA:144,0
DA:146,0
DA:147,0
DA:148,0
DA:149,0
DA:150,0
DA:151,0
DA:152,0
DA:154,0
DA:155,0
DA:156,0
DA:157,0
DA:158,0
DA:159,0
DA:160,0
DA:161,0
DA:162,0
DA:163,0
DA:164,0
DA:165,0
DA:166,0
DA:167,0
DA:169,0
DA:170,0
DA:171,0
DA:172,0
DA:173,0
DA:174,0
DA:175,0
DA:176,0
DA:177,0
DA:178,0
DA:179,0
DA:180,0
DA:181,0
DA:182,0
DA:183,0
DA:184,0
DA:185,0
DA:186,0
DA:200,0
DA:201,0
DA:202,0
DA:233,0
DA:234,0
DA:235,0
DA:236,0
DA:237,0
DA:238,0
DA:252,0
DA:253,0
DA:254,0
DA:261,0
DA:262,0
DA:263,0
DA:264,0
DA:265,0
DA:281,0
DA:282,0
DA:283,0
DA:284,0
DA:286,0
DA:287,0
DA:288,0
DA:290,0
DA:291,0
DA:292,0
DA:293,0
DA:294,0
DA:295,0
DA:296,0
DA:297,0
DA:298,0
DA:299,0
DA:300,0
DA:301,0
DA:302,0
DA:303,0
DA:304,0
DA:306,0
DA:307,0
DA:308,0
DA:309,0
DA:310,0
DA:311,0
DA:312,0
DA:313,0
DA:314,0
DA:315,0
DA:316,0
DA:317,0
DA:318,0
DA:319,0
DA:321,0
DA:322,0
DA:323,0
DA:324,0
DA:325,0
DA:326,0
DA:327,0
DA:328,0
DA:329,0
DA:330,0
DA:331,0
DA:332,0
DA:333,0
DA:334,0
DA:335,0
DA:336,0
DA:337,0
DA:338,0
DA:339,0
DA:340,0
DA:341,0
DA:342,0
DA:343,0
DA:344,0
DA:345,0
DA:347,0
DA:348,0
DA:349,0
DA:350,0
DA:351,0
DA:352,0
DA:353,0
DA:354,0
DA:355,0
DA:356,0
DA:357,0
DA:358,0
DA:359,0
DA:360,0
DA:362,0
DA:363,0
DA:364,0
DA:365,0
DA:366,0
DA:367,0
DA:368,0
DA:369,0
DA:370,0
DA:371,0
DA:372,0
DA:373,0
DA:374,0
DA:375,0
DA:376,0
DA:377,0
DA:378,0
DA:379,0
DA:380,0
DA:381,0
DA:382,0
DA:383,0
DA:391,0
DA:392,0
DA:393,0
DA:394,0
DA:395,0
BRF:0
BRH:0
LF:255
LH:0
end_of_record
SF:/Users/navan.chauhan/Developer/navanchauhan/swift-hn/SwiftTUI/.build/checkouts/OpenCombine/Sources/OpenCombine/CurrentValueSubject.swift
FN:18,$s11OpenCombine19CurrentValueSubjectC4lock33_95545B4EB94B3879E77980D60790DDA4LLSo0aB10UnfairLockVvpfi
FN:20,$s11OpenCombine19CurrentValueSubjectC6active33_95545B4EB94B3879E77980D60790DDA4LLSbvpfi
FN:24,$s11OpenCombine19CurrentValueSubjectC11downstreams33_95545B4EB94B3879E77980D60790DDA4LLAA11ConduitListOyxq_Gvpfi
FN:28,$s11OpenCombine19CurrentValueSubjectC21upstreamSubscriptions33_95545B4EB94B3879E77980D60790DDA4LLSayAA12Subscription_pGvpfi
FN:32,$s11OpenCombine19CurrentValueSubjectC5valuexvg
FN:37,$s11OpenCombine19CurrentValueSubjectC5valuexvs
FN:47,$s11OpenCombine19CurrentValueSubjectCyACyxq_Gxcfc
FN:51,$s11OpenCombine19CurrentValueSubjectCfd
FN:58,$s11OpenCombine19CurrentValueSubjectC4send12subscriptionyAA12Subscription_p_tF
FN:67,$s11OpenCombine19CurrentValueSubjectC7receive10subscriberyqd___t5InputQyd__Rsz7FailureQyd__Rs_AA10SubscriberRd__lF
FN:82,$s11OpenCombine19CurrentValueSubjectC4sendyyxF
FN:87,$s11OpenCombine19CurrentValueSubjectC04sendD14AndConsumeLock33_95545B4EB94B3879E77980D60790DDA4LLyyxF
FN:98,$s11OpenCombine19CurrentValueSubjectC04sendD14AndConsumeLock33_95545B4EB94B3879E77980D60790DDA4LLyyxFyAA11ConduitBaseCyxq_GXEfU_
FN:103,$s11OpenCombine19CurrentValueSubjectC4send10completionyAA11SubscribersO10CompletionOy_q_G_tF
FN:113,$s11OpenCombine19CurrentValueSubjectC4send10completionyAA11SubscribersO10CompletionOy_q_G_tFyAA11ConduitBaseCyxq_GXEfU_
FN:118,$s11OpenCombine19CurrentValueSubjectC12disassociate33_95545B4EB94B3879E77980D60790DDA4LLyyAA11ConduitBaseCyxq_GF
FN:143,$s11OpenCombine19CurrentValueSubjectC7Conduit33_95545B4EB94B3879E77980D60790DDA4LLC6demandAA11SubscribersO6DemandVvpfi
FN:145,$s11OpenCombine19CurrentValueSubjectC7Conduit33_95545B4EB94B3879E77980D60790DDA4LLC4lockSo0aB10UnfairLockVvpfi
FN:147,$s11OpenCombine19CurrentValueSubjectC7Conduit33_95545B4EB94B3879E77980D60790DDA4LLC14downstreamLockSo0ab15UnfairRecursiveN0Vvpfi
FN:149,$s11OpenCombine19CurrentValueSubjectC7Conduit33_95545B4EB94B3879E77980D60790DDA4LLC09deliveredcD0Sbvpfi
FN:152,$s11OpenCombine19CurrentValueSubjectC7Conduit33_95545B4EB94B3879E77980D60790DDA4LLC6parent10downstreamAFyxq__qd__GACyxq_G_qd__tcfc
FN:157,$s11OpenCombine19CurrentValueSubjectC7Conduit33_95545B4EB94B3879E77980D60790DDA4LLCfd
FN:162,$s11OpenCombine19CurrentValueSubjectC7Conduit33_95545B4EB94B3879E77980D60790DDA4LLC5offeryyxF
FN:181,$s11OpenCombine19CurrentValueSubjectC7Conduit33_95545B4EB94B3879E77980D60790DDA4LLC6finish10completionyAA11SubscribersO10CompletionOy_q_G_tF
FN:195,$s11OpenCombine19CurrentValueSubjectC7Conduit33_95545B4EB94B3879E77980D60790DDA4LLC7requestyyAA11SubscribersO6DemandVF
FN:225,$s11OpenCombine19CurrentValueSubjectC7Conduit33_95545B4EB94B3879E77980D60790DDA4LLC6cancelyyF
FN:236,$s11OpenCombine19CurrentValueSubjectC7Conduit33_95545B4EB94B3879E77980D60790DDA4LLC11descriptionSSvg
FN:238,$s11OpenCombine19CurrentValueSubjectC7Conduit33_95545B4EB94B3879E77980D60790DDA4LLC12customMirrors0N0Vvg
FN:250,$s11OpenCombine19CurrentValueSubjectC7Conduit33_95545B4EB94B3879E77980D60790DDA4LLC21playgroundDescriptionypvg
FNDA:0,$s11OpenCombine19CurrentValueSubjectC4lock33_95545B4EB94B3879E77980D60790DDA4LLSo0aB10UnfairLockVvpfi
FNDA:0,$s11OpenCombine19CurrentValueSubjectC6active33_95545B4EB94B3879E77980D60790DDA4LLSbvpfi
FNDA:0,$s11OpenCombine19CurrentValueSubjectC11downstreams33_95545B4EB94B3879E77980D60790DDA4LLAA11ConduitListOyxq_Gvpfi
FNDA:0,$s11OpenCombine19CurrentValueSubjectC21upstreamSubscriptions33_95545B4EB94B3879E77980D60790DDA4LLSayAA12Subscription_pGvpfi
FNDA:0,$s11OpenCombine19CurrentValueSubjectC5valuexvg
FNDA:0,$s11OpenCombine19CurrentValueSubjectC5valuexvs
FNDA:0,$s11OpenCombine19CurrentValueSubjectCyACyxq_Gxcfc
FNDA:0,$s11OpenCombine19CurrentValueSubjectCfd
FNDA:0,$s11OpenCombine19CurrentValueSubjectC4send12subscriptionyAA12Subscription_p_tF
FNDA:0,$s11OpenCombine19CurrentValueSubjectC7receive10subscriberyqd___t5InputQyd__Rsz7FailureQyd__Rs_AA10SubscriberRd__lF
FNDA:0,$s11OpenCombine19CurrentValueSubjectC4sendyyxF
FNDA:0,$s11OpenCombine19CurrentValueSubjectC04sendD14AndConsumeLock33_95545B4EB94B3879E77980D60790DDA4LLyyxF
FNDA:0,$s11OpenCombine19CurrentValueSubjectC04sendD14AndConsumeLock33_95545B4EB94B3879E77980D60790DDA4LLyyxFyAA11ConduitBaseCyxq_GXEfU_
FNDA:0,$s11OpenCombine19CurrentValueSubjectC4send10completionyAA11SubscribersO10CompletionOy_q_G_tF
FNDA:0,$s11OpenCombine19CurrentValueSubjectC4send10completionyAA11SubscribersO10CompletionOy_q_G_tFyAA11ConduitBaseCyxq_GXEfU_
FNDA:0,$s11OpenCombine19CurrentValueSubjectC12disassociate33_95545B4EB94B3879E77980D60790DDA4LLyyAA11ConduitBaseCyxq_GF
FNDA:0,$s11OpenCombine19CurrentValueSubjectC7Conduit33_95545B4EB94B3879E77980D60790DDA4LLC6demandAA11SubscribersO6DemandVvpfi
FNDA:0,$s11OpenCombine19CurrentValueSubjectC7Conduit33_95545B4EB94B3879E77980D60790DDA4LLC4lockSo0aB10UnfairLockVvpfi
FNDA:0,$s11OpenCombine19CurrentValueSubjectC7Conduit33_95545B4EB94B3879E77980D60790DDA4LLC14downstreamLockSo0ab15UnfairRecursiveN0Vvpfi
FNDA:0,$s11OpenCombine19CurrentValueSubjectC7Conduit33_95545B4EB94B3879E77980D60790DDA4LLC09deliveredcD0Sbvpfi
FNDA:0,$s11OpenCombine19CurrentValueSubjectC7Conduit33_95545B4EB94B3879E77980D60790DDA4LLC6parent10downstreamAFyxq__qd__GACyxq_G_qd__tcfc
FNDA:0,$s11OpenCombine19CurrentValueSubjectC7Conduit33_95545B4EB94B3879E77980D60790DDA4LLCfd
FNDA:0,$s11OpenCombine19CurrentValueSubjectC7Conduit33_95545B4EB94B3879E77980D60790DDA4LLC5offeryyxF
FNDA:0,$s11OpenCombine19CurrentValueSubjectC7Conduit33_95545B4EB94B3879E77980D60790DDA4LLC6finish10completionyAA11SubscribersO10CompletionOy_q_G_tF
FNDA:0,$s11OpenCombine19CurrentValueSubjectC7Conduit33_95545B4EB94B3879E77980D60790DDA4LLC7requestyyAA11SubscribersO6DemandVF
FNDA:0,$s11OpenCombine19CurrentValueSubjectC7Conduit33_95545B4EB94B3879E77980D60790DDA4LLC6cancelyyF
FNDA:0,$s11OpenCombine19CurrentValueSubjectC7Conduit33_95545B4EB94B3879E77980D60790DDA4LLC11descriptionSSvg
FNDA:0,$s11OpenCombine19CurrentValueSubjectC7Conduit33_95545B4EB94B3879E77980D60790DDA4LLC12customMirrors0N0Vvg
FNDA:0,$s11OpenCombine19CurrentValueSubjectC7Conduit33_95545B4EB94B3879E77980D60790DDA4LLC21playgroundDescriptionypvg
FNF:29
FNH:0
DA:18,0
DA:20,0
DA:24,0
DA:28,0
DA:32,0
DA:33,0
DA:34,0
DA:35,0
DA:36,0
DA:37,0
DA:38,0
DA:39,0
DA:40,0
DA:41,0
DA:47,0
DA:48,0
DA:49,0
DA:51,0
DA:52,0
DA:53,0
DA:54,0
DA:55,0
DA:56,0
DA:58,0
DA:59,0
DA:60,0
DA:61,0
DA:62,0
DA:63,0
DA:67,0
DA:68,0
DA:69,0
DA:70,0
DA:71,0
DA:72,0
DA:73,0
DA:74,0
DA:75,0
DA:76,0
DA:77,0
DA:78,0
DA:79,0
DA:80,0
DA:82,0
DA:83,0
DA:84,0
DA:85,0
DA:87,0
DA:89,0
DA:91,0
DA:92,0
DA:93,0
DA:94,0
DA:95,0
DA:96,0
DA:97,0
DA:98,0
DA:99,0
DA:100,0
DA:101,0
DA:103,0
DA:104,0
DA:105,0
DA:106,0
DA:107,0
DA:108,0
DA:109,0
DA:110,0
DA:111,0
DA:112,0
DA:113,0
DA:114,0
DA:115,0
DA:116,0
DA:118,0
DA:119,0
DA:120,0
DA:121,0
DA:122,0
DA:123,0
DA:124,0
DA:125,0
DA:126,0
DA:143,0
DA:145,0
DA:147,0
DA:149,0
DA:152,0
DA:153,0
DA:154,0
DA:155,0
DA:157,0
DA:158,0
DA:159,0
DA:160,0
DA:162,0
DA:163,0
DA:164,0
DA:165,0
DA:166,0
DA:167,0
DA:168,0
DA:169,0
DA:170,0
DA:171,0
DA:172,0
DA:173,0
DA:174,0
DA:175,0
DA:176,0
DA:177,0
DA:178,0
DA:179,0
DA:181,0
DA:182,0
DA:183,0
DA:184,0
DA:185,0
DA:186,0
DA:187,0
DA:188,0
DA:189,0
DA:190,0
DA:191,0
DA:192,0
DA:193,0
DA:195,0
DA:196,0
DA:197,0
DA:198,0
DA:199,0
DA:200,0
DA:201,0
DA:202,0
DA:203,0
DA:204,0
DA:205,0
DA:206,0
DA:207,0
DA:208,0
DA:209,0
DA:210,0
DA:211,0
DA:212,0
DA:213,0
DA:214,0
DA:215,0
DA:216,0
DA:217,0
DA:218,0
DA:219,0
DA:220,0
DA:221,0
DA:222,0
DA:223,0
DA:225,0
DA:226,0
DA:227,0
DA:228,0
DA:229,0
DA:230,0
DA:231,0
DA:232,0
DA:233,0
DA:234,0
DA:236,0
DA:238,0
DA:239,0
DA:240,0
DA:241,0
DA:242,0
DA:243,0
DA:244,0
DA:245,0
DA:246,0
DA:247,0
DA:248,0
DA:250,0
BRF:0
BRH:0
LF:184
LH:0
end_of_record
SF:/Users/navan.chauhan/Developer/navanchauhan/swift-hn/SwiftTUI/.build/checkouts/OpenCombine/Sources/OpenCombine/CustomCombineIdentifierConvertible.swift
FN:25,$s11OpenCombine06CustomB21IdentifierConvertiblePAARlzCrlE07combineD0AA0bD0Vvg
FNDA:0,$s11OpenCombine06CustomB21IdentifierConvertiblePAARlzCrlE07combineD0AA0bD0Vvg
FNF:1
FNH:0
DA:25,0
DA:26,0
DA:27,0
BRF:0
BRH:0
LF:3
LH:0
end_of_record
SF:/Users/navan.chauhan/Developer/navanchauhan/swift-hn/SwiftTUI/.build/checkouts/OpenCombine/Sources/OpenCombine/Future.swift
FN:18,$s11OpenCombine6FutureC4lock33_96B7C6DB5D84246DEC451C83BF0E8F6CLLSo0aB10UnfairLockVvpfi
FN:20,$s11OpenCombine6FutureC11downstreams33_96B7C6DB5D84246DEC451C83BF0E8F6CLLAA11ConduitListOyxq_Gvpfi
FN:31,$s11OpenCombine6FutureCyACyxq_Gyys6ResultOyxq_Gcccfc
FN:32,$s11OpenCombine6FutureCyACyxq_Gyys6ResultOyxq_GcccfcyAGcADcfu_
FN:32,$s11OpenCombine6FutureCyACyxq_Gyys6ResultOyxq_GcccfcyAGcADcfu_yAGcfu0_
FN:35,$s11OpenCombine6FutureCfd
FN:39,$s11OpenCombine6FutureC7promise33_96B7C6DB5D84246DEC451C83BF0E8F6CLLyys6ResultOyxq_GF
FN:50,$s11OpenCombine6FutureC7promise33_96B7C6DB5D84246DEC451C83BF0E8F6CLLyys6ResultOyxq_GFyAA11ConduitBaseCyxq_GXEfU_
FN:52,$s11OpenCombine6FutureC7promise33_96B7C6DB5D84246DEC451C83BF0E8F6CLLyys6ResultOyxq_GFyAA11ConduitBaseCyxq_GXEfU0_
FN:58,$s11OpenCombine6FutureC7receive10subscriberyqd___t5InputQyd__Rsz7FailureQyd__Rs_AA10SubscriberRd__lF
FN:73,$s11OpenCombine6FutureC12disassociate33_96B7C6DB5D84246DEC451C83BF0E8F6CLLyyAA11ConduitBaseCyxq_GF
FN:93,$s11OpenCombine6FutureC7Conduit33_96B7C6DB5D84246DEC451C83BF0E8F6CLLC5StateO10downstreamqd__Sgvg
FN:102,$s11OpenCombine6FutureC7Conduit33_96B7C6DB5D84246DEC451C83BF0E8F6CLLC5StateO12hasAnyDemandSbvg
FN:116,$s11OpenCombine6FutureC7Conduit33_96B7C6DB5D84246DEC451C83BF0E8F6CLLC4lockSo0aB10UnfairLockVvpfi
FN:118,$s11OpenCombine6FutureC7Conduit33_96B7C6DB5D84246DEC451C83BF0E8F6CLLC14downstreamLockSo0ab15UnfairRecursiveO0Vvpfi
FN:120,$s11OpenCombine6FutureC7Conduit33_96B7C6DB5D84246DEC451C83BF0E8F6CLLC6parent10downstreamAFyxq__qd__GACyxq_G_qd__tcfc
FN:125,$s11OpenCombine6FutureC7Conduit33_96B7C6DB5D84246DEC451C83BF0E8F6CLLCfd
FN:131,$s11OpenCombine6FutureC7Conduit33_96B7C6DB5D84246DEC451C83BF0E8F6CLLC13lockedFulfill10downstream6resultyqd___s6ResultOyxq_GtF
FN:141,$s11OpenCombine6FutureC7Conduit33_96B7C6DB5D84246DEC451C83BF0E8F6CLLC7fulfillyys6ResultOyxq_GF
FN:163,$s11OpenCombine6FutureC7Conduit33_96B7C6DB5D84246DEC451C83BF0E8F6CLLC5offeryyxF
FN:167,$s11OpenCombine6FutureC7Conduit33_96B7C6DB5D84246DEC451C83BF0E8F6CLLC6finish10completionyAA11SubscribersO10CompletionOy_q_G_tF
FN:170,$s11OpenCombine6FutureC7Conduit33_96B7C6DB5D84246DEC451C83BF0E8F6CLLC6finish10completionyAA11SubscribersO10CompletionOy_q_G_tFSSyXEfu_
FN:176,$s11OpenCombine6FutureC7Conduit33_96B7C6DB5D84246DEC451C83BF0E8F6CLLC7requestyyAA11SubscribersO6DemandVF
FN:199,$s11OpenCombine6FutureC7Conduit33_96B7C6DB5D84246DEC451C83BF0E8F6CLLC6cancelyyF
FN:212,$s11OpenCombine6FutureC7Conduit33_96B7C6DB5D84246DEC451C83BF0E8F6CLLC11descriptionSSvg
FN:214,$s11OpenCombine6FutureC7Conduit33_96B7C6DB5D84246DEC451C83BF0E8F6CLLC12customMirrors0O0Vvg
FN:226,$s11OpenCombine6FutureC7Conduit33_96B7C6DB5D84246DEC451C83BF0E8F6CLLC21playgroundDescriptionypvg
FNDA:0,$s11OpenCombine6FutureC4lock33_96B7C6DB5D84246DEC451C83BF0E8F6CLLSo0aB10UnfairLockVvpfi
FNDA:0,$s11OpenCombine6FutureC11downstreams33_96B7C6DB5D84246DEC451C83BF0E8F6CLLAA11ConduitListOyxq_Gvpfi
FNDA:0,$s11OpenCombine6FutureCyACyxq_Gyys6ResultOyxq_Gcccfc
FNDA:0,$s11OpenCombine6FutureCyACyxq_Gyys6ResultOyxq_GcccfcyAGcADcfu_
FNDA:0,$s11OpenCombine6FutureCyACyxq_Gyys6ResultOyxq_GcccfcyAGcADcfu_yAGcfu0_
FNDA:0,$s11OpenCombine6FutureCfd
FNDA:0,$s11OpenCombine6FutureC7promise33_96B7C6DB5D84246DEC451C83BF0E8F6CLLyys6ResultOyxq_GF
FNDA:0,$s11OpenCombine6FutureC7promise33_96B7C6DB5D84246DEC451C83BF0E8F6CLLyys6ResultOyxq_GFyAA11ConduitBaseCyxq_GXEfU_
FNDA:0,$s11OpenCombine6FutureC7promise33_96B7C6DB5D84246DEC451C83BF0E8F6CLLyys6ResultOyxq_GFyAA11ConduitBaseCyxq_GXEfU0_
FNDA:0,$s11OpenCombine6FutureC7receive10subscriberyqd___t5InputQyd__Rsz7FailureQyd__Rs_AA10SubscriberRd__lF
FNDA:0,$s11OpenCombine6FutureC12disassociate33_96B7C6DB5D84246DEC451C83BF0E8F6CLLyyAA11ConduitBaseCyxq_GF
FNDA:0,$s11OpenCombine6FutureC7Conduit33_96B7C6DB5D84246DEC451C83BF0E8F6CLLC5StateO10downstreamqd__Sgvg
FNDA:0,$s11OpenCombine6FutureC7Conduit33_96B7C6DB5D84246DEC451C83BF0E8F6CLLC5StateO12hasAnyDemandSbvg
FNDA:0,$s11OpenCombine6FutureC7Conduit33_96B7C6DB5D84246DEC451C83BF0E8F6CLLC4lockSo0aB10UnfairLockVvpfi
FNDA:0,$s11OpenCombine6FutureC7Conduit33_96B7C6DB5D84246DEC451C83BF0E8F6CLLC14downstreamLockSo0ab15UnfairRecursiveO0Vvpfi
FNDA:0,$s11OpenCombine6FutureC7Conduit33_96B7C6DB5D84246DEC451C83BF0E8F6CLLC6parent10downstreamAFyxq__qd__GACyxq_G_qd__tcfc
FNDA:0,$s11OpenCombine6FutureC7Conduit33_96B7C6DB5D84246DEC451C83BF0E8F6CLLCfd
FNDA:0,$s11OpenCombine6FutureC7Conduit33_96B7C6DB5D84246DEC451C83BF0E8F6CLLC13lockedFulfill10downstream6resultyqd___s6ResultOyxq_GtF
FNDA:0,$s11OpenCombine6FutureC7Conduit33_96B7C6DB5D84246DEC451C83BF0E8F6CLLC7fulfillyys6ResultOyxq_GF
FNDA:0,$s11OpenCombine6FutureC7Conduit33_96B7C6DB5D84246DEC451C83BF0E8F6CLLC5offeryyxF
FNDA:0,$s11OpenCombine6FutureC7Conduit33_96B7C6DB5D84246DEC451C83BF0E8F6CLLC6finish10completionyAA11SubscribersO10CompletionOy_q_G_tF
FNDA:0,$s11OpenCombine6FutureC7Conduit33_96B7C6DB5D84246DEC451C83BF0E8F6CLLC6finish10completionyAA11SubscribersO10CompletionOy_q_G_tFSSyXEfu_
FNDA:0,$s11OpenCombine6FutureC7Conduit33_96B7C6DB5D84246DEC451C83BF0E8F6CLLC7requestyyAA11SubscribersO6DemandVF
FNDA:0,$s11OpenCombine6FutureC7Conduit33_96B7C6DB5D84246DEC451C83BF0E8F6CLLC6cancelyyF
FNDA:0,$s11OpenCombine6FutureC7Conduit33_96B7C6DB5D84246DEC451C83BF0E8F6CLLC11descriptionSSvg
FNDA:0,$s11OpenCombine6FutureC7Conduit33_96B7C6DB5D84246DEC451C83BF0E8F6CLLC12customMirrors0O0Vvg
FNDA:0,$s11OpenCombine6FutureC7Conduit33_96B7C6DB5D84246DEC451C83BF0E8F6CLLC21playgroundDescriptionypvg
FNF:26
FNH:0
DA:18,0
DA:20,0
DA:31,0
DA:32,0
DA:33,0
DA:35,0
DA:36,0
DA:37,0
DA:39,0
DA:40,0
DA:41,0
DA:42,0
DA:43,0
DA:44,0
DA:45,0
DA:46,0
DA:47,0
DA:48,0
DA:49,0
DA:50,0
DA:51,0
DA:52,0
DA:53,0
DA:54,0
DA:58,0
DA:59,0
DA:60,0
DA:61,0
DA:62,0
DA:63,0
DA:64,0
DA:65,0
DA:66,0
DA:67,0
DA:68,0
DA:69,0
DA:70,0
DA:71,0
DA:73,0
DA:74,0
DA:75,0
DA:76,0
DA:77,0
DA:93,0
DA:94,0
DA:95,0
DA:96,0
DA:97,0
DA:98,0
DA:99,0
DA:100,0
DA:102,0
DA:103,0
DA:104,0
DA:105,0
DA:106,0
DA:107,0
DA:108,0
DA:109,0
DA:116,0
DA:118,0
DA:120,0
DA:121,0
DA:122,0
DA:123,0
DA:125,0
DA:126,0
DA:127,0
DA:128,0
DA:131,0
DA:132,0
DA:133,0
DA:134,0
DA:135,0
DA:136,0
DA:137,0
DA:138,0
DA:139,0
DA:141,0
DA:142,0
DA:143,0
DA:144,0
DA:145,0
DA:146,0
DA:147,0
DA:148,0
DA:149,0
DA:150,0
DA:151,0
DA:152,0
DA:153,0
DA:154,0
DA:155,0
DA:156,0
DA:157,0
DA:158,0
DA:159,0
DA:160,0
DA:161,0
DA:163,0
DA:164,0
DA:165,0
DA:167,0
DA:168,0
DA:169,0
DA:170,0
DA:171,0
DA:172,0
DA:173,0
DA:174,0
DA:176,0
DA:177,0
DA:178,0
DA:179,0
DA:180,0
DA:181,0
DA:182,0
DA:183,0
DA:184,0
DA:185,0
DA:186,0
DA:187,0
DA:188,0
DA:189,0
DA:190,0
DA:191,0
DA:192,0
DA:193,0
DA:194,0
DA:195,0
DA:196,0
DA:197,0
DA:199,0
DA:200,0
DA:201,0
DA:202,0
DA:203,0
DA:204,0
DA:205,0
DA:206,0
DA:207,0
DA:208,0
DA:209,0
DA:210,0
DA:212,0
DA:214,0
DA:215,0
DA:216,0
DA:217,0
DA:218,0
DA:219,0
DA:220,0
DA:221,0
DA:222,0
DA:223,0
DA:224,0
DA:226,0
BRF:0
BRH:0
LF:161
LH:0
end_of_record
SF:/Users/navan.chauhan/Developer/navanchauhan/swift-hn/SwiftTUI/.build/checkouts/OpenCombine/Sources/OpenCombine/Helpers/ConduitBase.swift
FN:10,$s11OpenCombine11ConduitBaseCACyxq_Gycfc
FN:12,$s11OpenCombine11ConduitBaseC5offeryyxF
FN:16,$s11OpenCombine11ConduitBaseC6finish10completionyAA11SubscribersO10CompletionOy_q_G_tF
FN:20,$s11OpenCombine11ConduitBaseC7requestyyAA11SubscribersO6DemandVF
FN:24,$s11OpenCombine11ConduitBaseC6cancelyyF
FN:31,$s11OpenCombine11ConduitBaseC2eeoiySbACyxq_G_AEtFZ
FN:37,$s11OpenCombine11ConduitBaseC4hash4intoys6HasherVz_tF
FNDA:0,$s11OpenCombine11ConduitBaseCACyxq_Gycfc
FNDA:0,$s11OpenCombine11ConduitBaseC5offeryyxF
FNDA:0,$s11OpenCombine11ConduitBaseC6finish10completionyAA11SubscribersO10CompletionOy_q_G_tF
FNDA:0,$s11OpenCombine11ConduitBaseC7requestyyAA11SubscribersO6DemandVF
FNDA:0,$s11OpenCombine11ConduitBaseC6cancelyyF
FNDA:0,$s11OpenCombine11ConduitBaseC2eeoiySbACyxq_G_AEtFZ
FNDA:0,$s11OpenCombine11ConduitBaseC4hash4intoys6HasherVz_tF
FNF:7
FNH:0
DA:10,0
DA:12,0
DA:13,0
DA:14,0
DA:16,0
DA:17,0
DA:18,0
DA:20,0
DA:21,0
DA:22,0
DA:24,0
DA:25,0
DA:26,0
DA:31,0
DA:32,0
DA:33,0
DA:37,0
DA:38,0
DA:39,0
BRF:0
BRH:0
LF:19
LH:0
end_of_record
SF:/Users/navan.chauhan/Developer/navanchauhan/swift-hn/SwiftTUI/.build/checkouts/OpenCombine/Sources/OpenCombine/Helpers/ConduitList.swift
FN:15,$s11OpenCombine11ConduitListOACyxq_GycfC
FN:21,$s11OpenCombine11ConduitListO6insertyyAA0C4BaseCyxq_GF
FN:37,$s11OpenCombine11ConduitListO7forEachyyyAA0C4BaseCyxq_GKXEKF
FN:48,$s11OpenCombine11ConduitListO6removeyyAA0C4BaseCyxq_GF
FNDA:0,$s11OpenCombine11ConduitListOACyxq_GycfC
FNDA:0,$s11OpenCombine11ConduitListO6insertyyAA0C4BaseCyxq_GF
FNDA:0,$s11OpenCombine11ConduitListO7forEachyyyAA0C4BaseCyxq_GKXEKF
FNDA:0,$s11OpenCombine11ConduitListO6removeyyAA0C4BaseCyxq_GF
FNF:4
FNH:0
DA:15,0
DA:16,0
DA:17,0
DA:21,0
DA:22,0
DA:23,0
DA:24,0
DA:25,0
DA:26,0
DA:27,0
DA:28,0
DA:29,0
DA:30,0
DA:31,0
DA:32,0
DA:33,0
DA:37,0
DA:38,0
DA:39,0
DA:40,0
DA:41,0
DA:42,0
DA:43,0
DA:44,0
DA:45,0
DA:46,0
DA:48,0
DA:49,0
DA:50,0
DA:51,0
DA:52,0
DA:53,0
DA:54,0
DA:55,0
DA:56,0
DA:57,0
DA:58,0
BRF:0
BRH:0
LF:37
LH:0
end_of_record
SF:/Users/navan.chauhan/Developer/navanchauhan/swift-hn/SwiftTUI/.build/checkouts/OpenCombine/Sources/OpenCombine/Helpers/DebugHook.swift
FN:13,$s11OpenCombine9DebugHookC7Handler33_845043597C6968D90C0E9EFDCE3DA8DFLLV2eeoiySbAF_AFtFZ
FN:17,$s11OpenCombine9DebugHookC7Handler33_845043597C6968D90C0E9EFDCE3DA8DFLLV4hash4intoys6HasherVz_tF
FN:22,$s11OpenCombine9DebugHookC09getGlobalD0ACSgyFZ
FN:28,$s11OpenCombine9DebugHookC6enableyyAA14_Introspection_pFZ
FN:43,$s11OpenCombine9DebugHookC7disableyyAA14_Introspection_pFZ
FN:56,$s11OpenCombine9DebugHookC16handlerIsEnabledySbAA14_Introspection_pFZ
FN:69,$s11OpenCombine9DebugHookC4lock33_845043597C6968D90C0E9EFDCE3DA8DFLLSo0aB10UnfairLockVvpfi
FN:71,$s11OpenCombine9DebugHookC8handlers33_845043597C6968D90C0E9EFDCE3DA8DFLLShyAC7HandlerAELLVGvpfi
FN:73,$s11OpenCombine9DebugHookC13debugHandlersSayAA14_Introspection_pGvg
FN:76,$s11OpenCombine9DebugHookC13debugHandlersSayAA14_Introspection_pGvgAaE_pAC7Handler33_845043597C6968D90C0E9EFDCE3DA8DFLLVXEfU_
FN:79,$s11OpenCombine9DebugHookCACyc33_845043597C6968D90C0E9EFDCE3DA8DFLlfc
FN:81,$s11OpenCombine9DebugHookCfd
FN:88,$s11OpenCombine9DebugHookC11willReceive9publisher10subscriberyx_q_tAA9PublisherRzAA10SubscriberR_7FailureQy_AIRtz5InputQy_6OutputRtzr0_lF
FN:97,$s11OpenCombine9DebugHookC10didReceive9publisher10subscriberyx_q_tAA9PublisherRzAA10SubscriberR_7FailureQy_AIRtz5InputQy_6OutputRtzr0_lF
FN:104,$s11OpenCombine9DebugHookC11willReceive10subscriber12subscriptionyx_AA12Subscription_ptAA10SubscriberRzlF
FN:111,$s11OpenCombine9DebugHookC10didReceive10subscriber12subscriptionyx_AA12Subscription_ptAA10SubscriberRzlF
FN:118,$s11OpenCombine9DebugHookC11willReceive10subscriber5inputyx_5InputQztAA10SubscriberRzlF
FN:128,$s11OpenCombine9DebugHookC10didReceive10subscriber5input15resultingDemandyx_5InputQzAA11SubscribersO0J0VtAA10SubscriberRzlF
FN:139,$s11OpenCombine9DebugHookC11willReceive10subscriber10completionyx_AA11SubscribersO10CompletionOy_7FailureQzGtAA10SubscriberRzlF
FN:148,$s11OpenCombine9DebugHookC10didReceive10subscriber10completionyx_AA11SubscribersO10CompletionOy_7FailureQzGtAA10SubscriberRzlF
FN:154,$s11OpenCombine9DebugHookC11willRequest12subscription6demandyAA12Subscription_p_AA11SubscribersO6DemandVtF
FN:160,$s11OpenCombine9DebugHookC10didRequest12subscription6demandyAA12Subscription_p_AA11SubscribersO6DemandVtF
FN:166,$s11OpenCombine9DebugHookC10willCancel12subscriptionyAA12Subscription_p_tF
FN:172,$s11OpenCombine9DebugHookC9didCancel12subscriptionyAA12Subscription_p_tF
FNDA:0,$s11OpenCombine9DebugHookC7Handler33_845043597C6968D90C0E9EFDCE3DA8DFLLV2eeoiySbAF_AFtFZ
FNDA:0,$s11OpenCombine9DebugHookC7Handler33_845043597C6968D90C0E9EFDCE3DA8DFLLV4hash4intoys6HasherVz_tF
FNDA:0,$s11OpenCombine9DebugHookC09getGlobalD0ACSgyFZ
FNDA:0,$s11OpenCombine9DebugHookC6enableyyAA14_Introspection_pFZ
FNDA:0,$s11OpenCombine9DebugHookC7disableyyAA14_Introspection_pFZ
FNDA:0,$s11OpenCombine9DebugHookC16handlerIsEnabledySbAA14_Introspection_pFZ
FNDA:0,$s11OpenCombine9DebugHookC4lock33_845043597C6968D90C0E9EFDCE3DA8DFLLSo0aB10UnfairLockVvpfi
FNDA:0,$s11OpenCombine9DebugHookC8handlers33_845043597C6968D90C0E9EFDCE3DA8DFLLShyAC7HandlerAELLVGvpfi
FNDA:0,$s11OpenCombine9DebugHookC13debugHandlersSayAA14_Introspection_pGvg
FNDA:0,$s11OpenCombine9DebugHookC13debugHandlersSayAA14_Introspection_pGvgAaE_pAC7Handler33_845043597C6968D90C0E9EFDCE3DA8DFLLVXEfU_
FNDA:0,$s11OpenCombine9DebugHookCACyc33_845043597C6968D90C0E9EFDCE3DA8DFLlfc
FNDA:0,$s11OpenCombine9DebugHookCfd
FNDA:0,$s11OpenCombine9DebugHookC11willReceive9publisher10subscriberyx_q_tAA9PublisherRzAA10SubscriberR_7FailureQy_AIRtz5InputQy_6OutputRtzr0_lF
FNDA:0,$s11OpenCombine9DebugHookC10didReceive9publisher10subscriberyx_q_tAA9PublisherRzAA10SubscriberR_7FailureQy_AIRtz5InputQy_6OutputRtzr0_lF
FNDA:0,$s11OpenCombine9DebugHookC11willReceive10subscriber12subscriptionyx_AA12Subscription_ptAA10SubscriberRzlF
FNDA:0,$s11OpenCombine9DebugHookC10didReceive10subscriber12subscriptionyx_AA12Subscription_ptAA10SubscriberRzlF
FNDA:0,$s11OpenCombine9DebugHookC11willReceive10subscriber5inputyx_5InputQztAA10SubscriberRzlF
FNDA:0,$s11OpenCombine9DebugHookC10didReceive10subscriber5input15resultingDemandyx_5InputQzAA11SubscribersO0J0VtAA10SubscriberRzlF
FNDA:0,$s11OpenCombine9DebugHookC11willReceive10subscriber10completionyx_AA11SubscribersO10CompletionOy_7FailureQzGtAA10SubscriberRzlF
FNDA:0,$s11OpenCombine9DebugHookC10didReceive10subscriber10completionyx_AA11SubscribersO10CompletionOy_7FailureQzGtAA10SubscriberRzlF
FNDA:0,$s11OpenCombine9DebugHookC11willRequest12subscription6demandyAA12Subscription_p_AA11SubscribersO6DemandVtF
FNDA:0,$s11OpenCombine9DebugHookC10didRequest12subscription6demandyAA12Subscription_p_AA11SubscribersO6DemandVtF
FNDA:0,$s11OpenCombine9DebugHookC10willCancel12subscriptionyAA12Subscription_p_tF
FNDA:0,$s11OpenCombine9DebugHookC9didCancel12subscriptionyAA12Subscription_p_tF
FNF:24
FNH:0
DA:13,0
DA:14,0
DA:15,0
DA:17,0
DA:18,0
DA:19,0
DA:22,0
DA:23,0
DA:24,0
DA:25,0
DA:26,0
DA:28,0
DA:29,0
DA:30,0
DA:31,0
DA:32,0
DA:33,0
DA:34,0
DA:35,0
DA:36,0
DA:37,0
DA:38,0
DA:39,0
DA:40,0
DA:41,0
DA:43,0
DA:44,0
DA:45,0
DA:46,0
DA:47,0
DA:48,0
DA:49,0
DA:50,0
DA:51,0
DA:52,0
DA:53,0
DA:54,0
DA:56,0
DA:57,0
DA:58,0
DA:59,0
DA:60,0
DA:61,0
DA:62,0
DA:63,0
DA:69,0
DA:71,0
DA:73,0
DA:74,0
DA:75,0
DA:76,0
DA:77,0
DA:79,0
DA:81,0
DA:82,0
DA:83,0
DA:88,0
DA:89,0
DA:90,0
DA:91,0
DA:92,0
DA:97,0
DA:98,0
DA:99,0
DA:100,0
DA:101,0
DA:104,0
DA:105,0
DA:106,0
DA:107,0
DA:108,0
DA:111,0
DA:112,0
DA:113,0
DA:114,0
DA:115,0
DA:118,0
DA:119,0
DA:120,0
DA:121,0
DA:122,0
DA:128,0
DA:129,0
DA:130,0
DA:131,0
DA:132,0
DA:133,0
DA:134,0
DA:139,0
DA:140,0
DA:141,0
DA:142,0
DA:143,0
DA:148,0
DA:149,0
DA:150,0
DA:151,0
DA:152,0
DA:154,0
DA:155,0
DA:156,0
DA:157,0
DA:158,0
DA:160,0
DA:161,0
DA:162,0
DA:163,0
DA:164,0
DA:166,0
DA:167,0
DA:168,0
DA:169,0
DA:170,0
DA:172,0
DA:173,0
DA:174,0
DA:175,0
DA:176,0
BRF:0
BRH:0
LF:119
LH:0
end_of_record
SF:/Users/navan.chauhan/Developer/navanchauhan/swift-hn/SwiftTUI/.build/checkouts/OpenCombine/Sources/OpenCombine/Helpers/FilterProducer.swift
FN:39,$s11OpenCombine14FilterProducerC4lock33_39B64EE06893FA82C8CFD4171ABB6159LLSo0aB10UnfairLockVvpfi
FN:41,$s11OpenCombine14FilterProducerC5state33_39B64EE06893FA82C8CFD4171ABB6159LLAC5StateAELLOyxq_q0_q1_q2__Gvpfi
FN:43,$s11OpenCombine14FilterProducerC10downstream6filterACyxq_q0_q1_q2_Gx_q2_tcfc
FN:48,$s11OpenCombine14FilterProducerCfd
FN:56,$s11OpenCombine14FilterProducerC7receive8newValueAA17PartialCompletionOyq0_Sg7FailureQzGq__tF
FN:60,$s11OpenCombine14FilterProducerC11descriptionSSvg
FN:66,$s11OpenCombine14FilterProducerC12customMirrors0F0Vvg
FN:74,$s11OpenCombine14FilterProducerC7receive12subscriptionyAA12Subscription_p_tF
FN:86,$s11OpenCombine14FilterProducerC7receiveyAA11SubscribersO6DemandVq_F
FN:91,$s11OpenCombine14FilterProducerC7receiveyAA11SubscribersO6DemandVq_FSSyXEfu_
FN:119,$s11OpenCombine14FilterProducerC7receive10completionyAA11SubscribersO10CompletionOy_q1_G_tF
FN:124,$s11OpenCombine14FilterProducerC7receive10completionyAA11SubscribersO10CompletionOy_q1_G_tFSSyXEfu_
FN:143,$s11OpenCombine14FilterProducerC7requestyyAA11SubscribersO6DemandVF
FN:149,$s11OpenCombine14FilterProducerC7requestyyAA11SubscribersO6DemandVFSSyXEfu_
FN:159,$s11OpenCombine14FilterProducerC6cancelyyF
FN:173,$s11OpenCombine14FilterProducerC21playgroundDescriptionypvg
FNDA:0,$s11OpenCombine14FilterProducerC4lock33_39B64EE06893FA82C8CFD4171ABB6159LLSo0aB10UnfairLockVvpfi
FNDA:0,$s11OpenCombine14FilterProducerC5state33_39B64EE06893FA82C8CFD4171ABB6159LLAC5StateAELLOyxq_q0_q1_q2__Gvpfi
FNDA:0,$s11OpenCombine14FilterProducerC10downstream6filterACyxq_q0_q1_q2_Gx_q2_tcfc
FNDA:0,$s11OpenCombine14FilterProducerCfd
FNDA:0,$s11OpenCombine14FilterProducerC7receive8newValueAA17PartialCompletionOyq0_Sg7FailureQzGq__tF
FNDA:0,$s11OpenCombine14FilterProducerC11descriptionSSvg
FNDA:0,$s11OpenCombine14FilterProducerC12customMirrors0F0Vvg
FNDA:0,$s11OpenCombine14FilterProducerC7receive12subscriptionyAA12Subscription_p_tF
FNDA:0,$s11OpenCombine14FilterProducerC7receiveyAA11SubscribersO6DemandVq_F
FNDA:0,$s11OpenCombine14FilterProducerC7receiveyAA11SubscribersO6DemandVq_FSSyXEfu_
FNDA:0,$s11OpenCombine14FilterProducerC7receive10completionyAA11SubscribersO10CompletionOy_q1_G_tF
FNDA:0,$s11OpenCombine14FilterProducerC7receive10completionyAA11SubscribersO10CompletionOy_q1_G_tFSSyXEfu_
FNDA:0,$s11OpenCombine14FilterProducerC7requestyyAA11SubscribersO6DemandVF
FNDA:0,$s11OpenCombine14FilterProducerC7requestyyAA11SubscribersO6DemandVFSSyXEfu_
FNDA:0,$s11OpenCombine14FilterProducerC6cancelyyF
FNDA:0,$s11OpenCombine14FilterProducerC21playgroundDescriptionypvg
FNF:16
FNH:0
DA:39,0
DA:41,0
DA:43,0
DA:44,0
DA:45,0
DA:46,0
DA:48,0
DA:49,0
DA:50,0
DA:56,0
DA:57,0
DA:58,0
DA:60,0
DA:61,0
DA:62,0
DA:66,0
DA:67,0
DA:68,0
DA:69,0
DA:74,0
DA:75,0
DA:76,0
DA:77,0
DA:78,0
DA:79,0
DA:80,0
DA:81,0
DA:82,0
DA:83,0
DA:84,0
DA:86,0
DA:87,0
DA:88,0
DA:89,0
DA:90,0
DA:91,0
DA:92,0
DA:93,0
DA:94,0
DA:95,0
DA:96,0
DA:97,0
DA:98,0
DA:99,0
DA:100,0
DA:101,0
DA:102,0
DA:103,0
DA:104,0
DA:105,0
DA:106,0
DA:107,0
DA:108,0
DA:109,0
DA:110,0
DA:111,0
DA:112,0
DA:113,0
DA:114,0
DA:115,0
DA:116,0
DA:117,0
DA:119,0
DA:120,0
DA:121,0
DA:122,0
DA:123,0
DA:124,0
DA:125,0
DA:126,0
DA:127,0
DA:128,0
DA:129,0
DA:130,0
DA:131,0
DA:132,0
DA:133,0
DA:134,0
DA:135,0
DA:136,0
DA:137,0
DA:138,0
DA:143,0
DA:144,0
DA:145,0
DA:146,0
DA:147,0
DA:148,0
DA:149,0
DA:150,0
DA:151,0
DA:152,0
DA:153,0
DA:154,0
DA:155,0
DA:156,0
DA:157,0
DA:159,0
DA:160,0
DA:161,0
DA:162,0
DA:163,0
DA:164,0
DA:165,0
DA:166,0
DA:167,0
DA:168,0
DA:169,0
DA:173,0
BRF:0
BRH:0
LF:112
LH:0
end_of_record
SF:/Users/navan.chauhan/Developer/navanchauhan/swift-hn/SwiftTUI/.build/checkouts/OpenCombine/Sources/OpenCombine/Helpers/PartialCompletion.swift
FN:25,$s11OpenCombine17PartialCompletionOAAytRszrlE8continueACyytq_GvgZ
FNDA:0,$s11OpenCombine17PartialCompletionOAAytRszrlE8continueACyytq_GvgZ
FNF:1
FNH:0
DA:25,0
BRF:0
BRH:0
LF:1
LH:0
end_of_record
SF:/Users/navan.chauhan/Developer/navanchauhan/swift-hn/SwiftTUI/.build/checkouts/OpenCombine/Sources/OpenCombine/Helpers/PublishedSubject.swift
FN:12,$s11OpenCombine16PublishedSubjectC4lock33_81896FF0A207F4EBF3719C3427DF0B99LLSo0aB10UnfairLockVvpfi
FN:14,$s11OpenCombine16PublishedSubjectC11downstreams33_81896FF0A207F4EBF3719C3427DF0B99LLAA11ConduitListOyxs5NeverOGvpfi
FN:18,$s11OpenCombine16PublishedSubjectC21upstreamSubscriptions33_81896FF0A207F4EBF3719C3427DF0B99LLSayAA12Subscription_pGvpfi
FN:20,$s11OpenCombine16PublishedSubjectC22hasAnyDownstreamDemand33_81896FF0A207F4EBF3719C3427DF0B99LLSbvpfi
FN:25,$s11OpenCombine16PublishedSubjectC5valuexvg
FN:30,$s11OpenCombine16PublishedSubjectC5valuexvs
FN:36,$s11OpenCombine16PublishedSubjectC16objectWillChangeAA25ObservableObjectPublisherCSgvg
FN:41,$s11OpenCombine16PublishedSubjectC16objectWillChangeAA25ObservableObjectPublisherCSgvs
FN:48,$s11OpenCombine16PublishedSubjectCyACyxGxcfc
FN:52,$s11OpenCombine16PublishedSubjectCfd
FN:59,$s11OpenCombine16PublishedSubjectC4send12subscriptionyAA12Subscription_p_tF
FN:68,$s11OpenCombine16PublishedSubjectC7receive10subscriberyqd___t5InputQyd__RszAA10SubscriberRd__s5NeverO7FailureRtd__lF
FN:76,$s11OpenCombine16PublishedSubjectC4sendyyxF
FN:82,$s11OpenCombine16PublishedSubjectC4sendyyxFyAA11ConduitBaseCyxs5NeverOGXEfU_
FN:90,$s11OpenCombine16PublishedSubjectC4send10completionyAA11SubscribersO10CompletionOy_s5NeverOG_tF
FN:91,$s11OpenCombine16PublishedSubjectC4send10completionyAA11SubscribersO10CompletionOy_s5NeverOG_tFSSyXEfu_
FN:94,$s11OpenCombine16PublishedSubjectC12disassociate33_81896FF0A207F4EBF3719C3427DF0B99LLyyAA11ConduitBaseCyxs5NeverOGF
FN:115,$s11OpenCombine16PublishedSubjectC7Conduit33_81896FF0A207F4EBF3719C3427DF0B99LLC6demandAA11SubscribersO6DemandVvpfi
FN:117,$s11OpenCombine16PublishedSubjectC7Conduit33_81896FF0A207F4EBF3719C3427DF0B99LLC4lockSo0aB10UnfairLockVvpfi
FN:119,$s11OpenCombine16PublishedSubjectC7Conduit33_81896FF0A207F4EBF3719C3427DF0B99LLC14downstreamLockSo0ab15UnfairRecursiveN0Vvpfi
FN:121,$s11OpenCombine16PublishedSubjectC7Conduit33_81896FF0A207F4EBF3719C3427DF0B99LLC21deliveredCurrentValueSbvpfi
FN:124,$s11OpenCombine16PublishedSubjectC7Conduit33_81896FF0A207F4EBF3719C3427DF0B99LLC6parent10downstreamAFyx_qd__GACyxG_qd__tcfc
FN:129,$s11OpenCombine16PublishedSubjectC7Conduit33_81896FF0A207F4EBF3719C3427DF0B99LLCfd
FN:134,$s11OpenCombine16PublishedSubjectC7Conduit33_81896FF0A207F4EBF3719C3427DF0B99LLC5offeryyxF
FN:153,$s11OpenCombine16PublishedSubjectC7Conduit33_81896FF0A207F4EBF3719C3427DF0B99LLC7requestyyAA11SubscribersO6DemandVF
FN:183,$s11OpenCombine16PublishedSubjectC7Conduit33_81896FF0A207F4EBF3719C3427DF0B99LLC6cancelyyF
FN:195,$s11OpenCombine16PublishedSubjectC7Conduit33_81896FF0A207F4EBF3719C3427DF0B99LLC11descriptionSSvg
FN:197,$s11OpenCombine16PublishedSubjectC7Conduit33_81896FF0A207F4EBF3719C3427DF0B99LLC12customMirrors0N0Vvg
FN:209,$s11OpenCombine16PublishedSubjectC7Conduit33_81896FF0A207F4EBF3719C3427DF0B99LLC21playgroundDescriptionypvg
FNDA:0,$s11OpenCombine16PublishedSubjectC4lock33_81896FF0A207F4EBF3719C3427DF0B99LLSo0aB10UnfairLockVvpfi
FNDA:0,$s11OpenCombine16PublishedSubjectC11downstreams33_81896FF0A207F4EBF3719C3427DF0B99LLAA11ConduitListOyxs5NeverOGvpfi
FNDA:0,$s11OpenCombine16PublishedSubjectC21upstreamSubscriptions33_81896FF0A207F4EBF3719C3427DF0B99LLSayAA12Subscription_pGvpfi
FNDA:0,$s11OpenCombine16PublishedSubjectC22hasAnyDownstreamDemand33_81896FF0A207F4EBF3719C3427DF0B99LLSbvpfi
FNDA:0,$s11OpenCombine16PublishedSubjectC5valuexvg
FNDA:0,$s11OpenCombine16PublishedSubjectC5valuexvs
FNDA:0,$s11OpenCombine16PublishedSubjectC16objectWillChangeAA25ObservableObjectPublisherCSgvg
FNDA:0,$s11OpenCombine16PublishedSubjectC16objectWillChangeAA25ObservableObjectPublisherCSgvs
FNDA:0,$s11OpenCombine16PublishedSubjectCyACyxGxcfc
FNDA:0,$s11OpenCombine16PublishedSubjectCfd
FNDA:0,$s11OpenCombine16PublishedSubjectC4send12subscriptionyAA12Subscription_p_tF
FNDA:0,$s11OpenCombine16PublishedSubjectC7receive10subscriberyqd___t5InputQyd__RszAA10SubscriberRd__s5NeverO7FailureRtd__lF
FNDA:0,$s11OpenCombine16PublishedSubjectC4sendyyxF
FNDA:0,$s11OpenCombine16PublishedSubjectC4sendyyxFyAA11ConduitBaseCyxs5NeverOGXEfU_
FNDA:0,$s11OpenCombine16PublishedSubjectC4send10completionyAA11SubscribersO10CompletionOy_s5NeverOG_tF
FNDA:0,$s11OpenCombine16PublishedSubjectC4send10completionyAA11SubscribersO10CompletionOy_s5NeverOG_tFSSyXEfu_
FNDA:0,$s11OpenCombine16PublishedSubjectC12disassociate33_81896FF0A207F4EBF3719C3427DF0B99LLyyAA11ConduitBaseCyxs5NeverOGF
FNDA:0,$s11OpenCombine16PublishedSubjectC7Conduit33_81896FF0A207F4EBF3719C3427DF0B99LLC6demandAA11SubscribersO6DemandVvpfi
FNDA:0,$s11OpenCombine16PublishedSubjectC7Conduit33_81896FF0A207F4EBF3719C3427DF0B99LLC4lockSo0aB10UnfairLockVvpfi
FNDA:0,$s11OpenCombine16PublishedSubjectC7Conduit33_81896FF0A207F4EBF3719C3427DF0B99LLC14downstreamLockSo0ab15UnfairRecursiveN0Vvpfi
FNDA:0,$s11OpenCombine16PublishedSubjectC7Conduit33_81896FF0A207F4EBF3719C3427DF0B99LLC21deliveredCurrentValueSbvpfi
FNDA:0,$s11OpenCombine16PublishedSubjectC7Conduit33_81896FF0A207F4EBF3719C3427DF0B99LLC6parent10downstreamAFyx_qd__GACyxG_qd__tcfc
FNDA:0,$s11OpenCombine16PublishedSubjectC7Conduit33_81896FF0A207F4EBF3719C3427DF0B99LLCfd
FNDA:0,$s11OpenCombine16PublishedSubjectC7Conduit33_81896FF0A207F4EBF3719C3427DF0B99LLC5offeryyxF
FNDA:0,$s11OpenCombine16PublishedSubjectC7Conduit33_81896FF0A207F4EBF3719C3427DF0B99LLC7requestyyAA11SubscribersO6DemandVF
FNDA:0,$s11OpenCombine16PublishedSubjectC7Conduit33_81896FF0A207F4EBF3719C3427DF0B99LLC6cancelyyF
FNDA:0,$s11OpenCombine16PublishedSubjectC7Conduit33_81896FF0A207F4EBF3719C3427DF0B99LLC11descriptionSSvg
FNDA:0,$s11OpenCombine16PublishedSubjectC7Conduit33_81896FF0A207F4EBF3719C3427DF0B99LLC12customMirrors0N0Vvg
FNDA:0,$s11OpenCombine16PublishedSubjectC7Conduit33_81896FF0A207F4EBF3719C3427DF0B99LLC21playgroundDescriptionypvg
FNF:29
FNH:0
DA:12,0
DA:14,0
DA:18,0
DA:20,0
DA:25,0
DA:26,0
DA:27,0
DA:28,0
DA:29,0
DA:30,0
DA:31,0
DA:32,0
DA:36,0
DA:37,0
DA:38,0
DA:39,0
DA:40,0
DA:41,0
DA:42,0
DA:43,0
DA:44,0
DA:45,0
DA:48,0
DA:49,0
DA:50,0
DA:52,0
DA:53,0
DA:54,0
DA:55,0
DA:56,0
DA:57,0
DA:59,0
DA:60,0
DA:61,0
DA:62,0
DA:63,0
DA:64,0
DA:68,0
DA:69,0
DA:70,0
DA:71,0
DA:72,0
DA:73,0
DA:74,0
DA:76,0
DA:77,0
DA:78,0
DA:79,0
DA:80,0
DA:81,0
DA:82,0
DA:83,0
DA:84,0
DA:85,0
DA:86,0
DA:87,0
DA:88,0
DA:90,0
DA:91,0
DA:92,0
DA:94,0
DA:95,0
DA:96,0
DA:97,0
DA:98,0
DA:115,0
DA:117,0
DA:119,0
DA:121,0
DA:124,0
DA:125,0
DA:126,0
DA:127,0
DA:129,0
DA:130,0
DA:131,0
DA:132,0
DA:134,0
DA:135,0
DA:136,0
DA:137,0
DA:138,0
DA:139,0
DA:140,0
DA:141,0
DA:142,0
DA:143,0
DA:144,0
DA:145,0
DA:146,0
DA:147,0
DA:148,0
DA:149,0
DA:150,0
DA:151,0
DA:153,0
DA:154,0
DA:155,0
DA:156,0
DA:157,0
DA:158,0
DA:159,0
DA:160,0
DA:161,0
DA:162,0
DA:163,0
DA:164,0
DA:165,0
DA:166,0
DA:167,0
DA:168,0
DA:169,0
DA:170,0
DA:171,0
DA:172,0
DA:173,0
DA:174,0
DA:175,0
DA:176,0
DA:177,0
DA:178,0
DA:179,0
DA:180,0
DA:181,0
DA:183,0
DA:184,0
DA:185,0
DA:186,0
DA:187,0
DA:188,0
DA:189,0
DA:190,0
DA:191,0
DA:192,0
DA:193,0
DA:195,0
DA:197,0
DA:198,0
DA:199,0
DA:200,0
DA:201,0
DA:202,0
DA:203,0
DA:204,0
DA:205,0
DA:206,0
DA:207,0
DA:209,0
BRF:0
BRH:0
LF:152
LH:0
end_of_record
SF:/Users/navan.chauhan/Developer/navanchauhan/swift-hn/SwiftTUI/.build/checkouts/OpenCombine/Sources/OpenCombine/Helpers/PublishedSubscriber.swift
FN:14,$s11OpenCombine19PublishedSubscriberV17combineIdentifierAA0bF0Vvpfi
FN:18,$s11OpenCombine19PublishedSubscriberVyACyxGAA0C7SubjectCyxGcfC
FN:22,$s11OpenCombine19PublishedSubscriberV7receive12subscriptionyAA12Subscription_p_tF
FN:26,$s11OpenCombine19PublishedSubscriberV7receiveyAA11SubscribersO6DemandVxF
FN:31,$s11OpenCombine19PublishedSubscriberV7receive10completionyAA11SubscribersO10CompletionOy_s5NeverOG_tF
FNDA:0,$s11OpenCombine19PublishedSubscriberV17combineIdentifierAA0bF0Vvpfi
FNDA:0,$s11OpenCombine19PublishedSubscriberVyACyxGAA0C7SubjectCyxGcfC
FNDA:0,$s11OpenCombine19PublishedSubscriberV7receive12subscriptionyAA12Subscription_p_tF
FNDA:0,$s11OpenCombine19PublishedSubscriberV7receiveyAA11SubscribersO6DemandVxF
FNDA:0,$s11OpenCombine19PublishedSubscriberV7receive10completionyAA11SubscribersO10CompletionOy_s5NeverOG_tF
FNF:5
FNH:0
DA:14,0
DA:18,0
DA:19,0
DA:20,0
DA:22,0
DA:23,0
DA:24,0
DA:26,0
DA:27,0
DA:28,0
DA:29,0
DA:31,0
BRF:0
BRH:0
LF:12
LH:0
end_of_record
SF:/Users/navan.chauhan/Developer/navanchauhan/swift-hn/SwiftTUI/.build/checkouts/OpenCombine/Sources/OpenCombine/Helpers/ReduceProducer.swift
FN:37,$s11OpenCombine14ReduceProducerC6status33_DAA5D1AB24B50518FD186FD1C6C921A4LLAA18SubscriptionStatusOvpfi
FN:41,$s11OpenCombine14ReduceProducerC4lock33_DAA5D1AB24B50518FD186FD1C6C921A4LLSo0aB10UnfairLockVvpfi
FN:43,$s11OpenCombine14ReduceProducerC19downstreamRequested33_DAA5D1AB24B50518FD186FD1C6C921A4LLSbvpfi
FN:45,$s11OpenCombine14ReduceProducerC9cancelled33_DAA5D1AB24B50518FD186FD1C6C921A4LLSbvpfi
FN:47,$s11OpenCombine14ReduceProducerC9completed33_DAA5D1AB24B50518FD186FD1C6C921A4LLSbvpfi
FN:49,$s11OpenCombine14ReduceProducerC17upstreamCompleted33_DAA5D1AB24B50518FD186FD1C6C921A4LLSbvpfi
FN:51,$s11OpenCombine14ReduceProducerC10downstream7initial6reduceACyxq_q0_q1_q2_Gx_q0_Sgq2_tcfc
FN:58,$s11OpenCombine14ReduceProducerCfd
FN:66,$s11OpenCombine14ReduceProducerC7receive8newValueAA17PartialCompletionOyyt7FailureQzGq__tF
FN:70,$s11OpenCombine14ReduceProducerC11descriptionSSvg
FN:76,$s11OpenCombine14ReduceProducerC12customMirrors0F0Vvg
FN:91,$s11OpenCombine14ReduceProducerC15receiveFinished33_DAA5D1AB24B50518FD186FD1C6C921A4LLyyF
FN:97,$s11OpenCombine14ReduceProducerC15receiveFinished33_DAA5D1AB24B50518FD186FD1C6C921A4LLyyFSSyXEfu_
FN:114,$s11OpenCombine14ReduceProducerC14receiveFailure33_DAA5D1AB24B50518FD186FD1C6C921A4LLyyq1_F
FN:120,$s11OpenCombine14ReduceProducerC14receiveFailure33_DAA5D1AB24B50518FD186FD1C6C921A4LLyyq1_FSSyXEfu_
FN:129,$s11OpenCombine14ReduceProducerC19sendResultAndFinish33_DAA5D1AB24B50518FD186FD1C6C921A4LLyyq0_SgF
FN:130,$s11OpenCombine14ReduceProducerC19sendResultAndFinish33_DAA5D1AB24B50518FD186FD1C6C921A4LLyyq0_SgFSbyXEfu_
FN:130,$s11OpenCombine14ReduceProducerC19sendResultAndFinish33_DAA5D1AB24B50518FD186FD1C6C921A4LLyyq0_SgFSbyXEfu_SbyKXEfu0_
FN:141,$s11OpenCombine14ReduceProducerC7receive12subscriptionyAA12Subscription_p_tF
FN:154,$s11OpenCombine14ReduceProducerC7receiveyAA11SubscribersO6DemandVq_F
FN:199,$s11OpenCombine14ReduceProducerC7receive10completionyAA11SubscribersO10CompletionOy_q1_G_tF
FN:216,$s11OpenCombine14ReduceProducerC7requestyyAA11SubscribersO6DemandVF
FN:234,$s11OpenCombine14ReduceProducerC6cancelyyF
FN:248,$s11OpenCombine14ReduceProducerC21playgroundDescriptionypvg
FNDA:0,$s11OpenCombine14ReduceProducerC6status33_DAA5D1AB24B50518FD186FD1C6C921A4LLAA18SubscriptionStatusOvpfi
FNDA:0,$s11OpenCombine14ReduceProducerC4lock33_DAA5D1AB24B50518FD186FD1C6C921A4LLSo0aB10UnfairLockVvpfi
FNDA:0,$s11OpenCombine14ReduceProducerC19downstreamRequested33_DAA5D1AB24B50518FD186FD1C6C921A4LLSbvpfi
FNDA:0,$s11OpenCombine14ReduceProducerC9cancelled33_DAA5D1AB24B50518FD186FD1C6C921A4LLSbvpfi
FNDA:0,$s11OpenCombine14ReduceProducerC9completed33_DAA5D1AB24B50518FD186FD1C6C921A4LLSbvpfi
FNDA:0,$s11OpenCombine14ReduceProducerC17upstreamCompleted33_DAA5D1AB24B50518FD186FD1C6C921A4LLSbvpfi
FNDA:0,$s11OpenCombine14ReduceProducerC10downstream7initial6reduceACyxq_q0_q1_q2_Gx_q0_Sgq2_tcfc
FNDA:0,$s11OpenCombine14ReduceProducerCfd
FNDA:0,$s11OpenCombine14ReduceProducerC7receive8newValueAA17PartialCompletionOyyt7FailureQzGq__tF
FNDA:0,$s11OpenCombine14ReduceProducerC11descriptionSSvg
FNDA:0,$s11OpenCombine14ReduceProducerC12customMirrors0F0Vvg
FNDA:0,$s11OpenCombine14ReduceProducerC15receiveFinished33_DAA5D1AB24B50518FD186FD1C6C921A4LLyyF
FNDA:0,$s11OpenCombine14ReduceProducerC15receiveFinished33_DAA5D1AB24B50518FD186FD1C6C921A4LLyyFSSyXEfu_
FNDA:0,$s11OpenCombine14ReduceProducerC14receiveFailure33_DAA5D1AB24B50518FD186FD1C6C921A4LLyyq1_F
FNDA:0,$s11OpenCombine14ReduceProducerC14receiveFailure33_DAA5D1AB24B50518FD186FD1C6C921A4LLyyq1_FSSyXEfu_
FNDA:0,$s11OpenCombine14ReduceProducerC19sendResultAndFinish33_DAA5D1AB24B50518FD186FD1C6C921A4LLyyq0_SgF
FNDA:0,$s11OpenCombine14ReduceProducerC19sendResultAndFinish33_DAA5D1AB24B50518FD186FD1C6C921A4LLyyq0_SgFSbyXEfu_
FNDA:0,$s11OpenCombine14ReduceProducerC19sendResultAndFinish33_DAA5D1AB24B50518FD186FD1C6C921A4LLyyq0_SgFSbyXEfu_SbyKXEfu0_
FNDA:0,$s11OpenCombine14ReduceProducerC7receive12subscriptionyAA12Subscription_p_tF
FNDA:0,$s11OpenCombine14ReduceProducerC7receiveyAA11SubscribersO6DemandVq_F
FNDA:0,$s11OpenCombine14ReduceProducerC7receive10completionyAA11SubscribersO10CompletionOy_q1_G_tF
FNDA:0,$s11OpenCombine14ReduceProducerC7requestyyAA11SubscribersO6DemandVF
FNDA:0,$s11OpenCombine14ReduceProducerC6cancelyyF
FNDA:0,$s11OpenCombine14ReduceProducerC21playgroundDescriptionypvg
FNF:24
FNH:0
DA:37,0
DA:41,0
DA:43,0
DA:45,0
DA:47,0
DA:49,0
DA:51,0
DA:52,0
DA:53,0
DA:54,0
DA:55,0
DA:56,0
DA:58,0
DA:59,0
DA:60,0
DA:66,0
DA:67,0
DA:68,0
DA:70,0
DA:71,0
DA:72,0
DA:76,0
DA:77,0
DA:78,0
DA:79,0
DA:80,0
DA:81,0
DA:82,0
DA:83,0
DA:84,0
DA:85,0
DA:86,0
DA:91,0
DA:92,0
DA:93,0
DA:94,0
DA:95,0
DA:96,0
DA:97,0
DA:98,0
DA:99,0
DA:100,0
DA:101,0
DA:102,0
DA:103,0
DA:104,0
DA:105,0
DA:106,0
DA:107,0
DA:108,0
DA:109,0
DA:110,0
DA:111,0
DA:114,0
DA:115,0
DA:116,0
DA:117,0
DA:118,0
DA:119,0
DA:120,0
DA:121,0
DA:122,0
DA:123,0
DA:124,0
DA:125,0
DA:126,0
DA:127,0
DA:129,0
DA:130,0
DA:131,0
DA:132,0
DA:133,0
DA:134,0
DA:135,0
DA:141,0
DA:142,0
DA:143,0
DA:144,0
DA:145,0
DA:146,0
DA:147,0
DA:148,0
DA:149,0
DA:150,0
DA:151,0
DA:152,0
DA:154,0
DA:155,0
DA:156,0
DA:157,0
DA:158,0
DA:159,0
DA:160,0
DA:161,0
DA:162,0
DA:163,0
DA:164,0
DA:165,0
DA:166,0
DA:167,0
DA:168,0
DA:169,0
DA:170,0
DA:171,0
DA:172,0
DA:173,0
DA:174,0
DA:175,0
DA:176,0
DA:177,0
DA:178,0
DA:179,0
DA:180,0
DA:181,0
DA:182,0
DA:183,0
DA:184,0
DA:185,0
DA:186,0
DA:187,0
DA:188,0
DA:189,0
DA:190,0
DA:191,0
DA:192,0
DA:193,0
DA:194,0
DA:195,0
DA:196,0
DA:197,0
DA:199,0
DA:200,0
DA:201,0
DA:202,0
DA:203,0
DA:204,0
DA:205,0
DA:206,0
DA:207,0
DA:208,0
DA:209,0
DA:210,0
DA:211,0
DA:212,0
DA:216,0
DA:217,0
DA:218,0
DA:219,0
DA:220,0
DA:221,0
DA:222,0
DA:223,0
DA:224,0
DA:225,0
DA:226,0
DA:227,0
DA:228,0
DA:229,0
DA:230,0
DA:231,0
DA:232,0
DA:234,0
DA:235,0
DA:236,0
DA:237,0
DA:238,0
DA:239,0
DA:240,0
DA:241,0
DA:242,0
DA:243,0
DA:244,0
DA:248,0
BRF:0
BRH:0
LF:177
LH:0
end_of_record
SF:/Users/navan.chauhan/Developer/navanchauhan/swift-hn/SwiftTUI/.build/checkouts/OpenCombine/Sources/OpenCombine/Helpers/SubjectSubscriber.swift
FN:15,$s11OpenCombine17SubjectSubscriberC4lock33_CF8211F4EE5E447C8CEAFEB1FDE57894LLSo0aB10UnfairLockVvpfi
FN:19,$s11OpenCombine17SubjectSubscriberC11isCancelled33_CF8211F4EE5E447C8CEAFEB1FDE57894LLSbvg
FN:21,$s11OpenCombine17SubjectSubscriberCyACyxGxcfc
FN:25,$s11OpenCombine17SubjectSubscriberCfd
FN:29,$s11OpenCombine17SubjectSubscriberC7receive12subscriptionyAA12Subscription_p_tF
FN:40,$s11OpenCombine17SubjectSubscriberC7receiveyAA11SubscribersO6DemandV6OutputQzF
FN:51,$s11OpenCombine17SubjectSubscriberC7receive10completionyAA11SubscribersO10CompletionOy_7FailureQzG_tF
FN:62,$s11OpenCombine17SubjectSubscriberC11descriptionSSvg
FN:64,$s11OpenCombine17SubjectSubscriberC21playgroundDescriptionypvg
FN:66,$s11OpenCombine17SubjectSubscriberC12customMirrors0F0Vvg
FN:75,$s11OpenCombine17SubjectSubscriberC7requestyyAA11SubscribersO6DemandVF
FN:85,$s11OpenCombine17SubjectSubscriberC6cancelyyF
FNDA:0,$s11OpenCombine17SubjectSubscriberC4lock33_CF8211F4EE5E447C8CEAFEB1FDE57894LLSo0aB10UnfairLockVvpfi
FNDA:0,$s11OpenCombine17SubjectSubscriberC11isCancelled33_CF8211F4EE5E447C8CEAFEB1FDE57894LLSbvg
FNDA:0,$s11OpenCombine17SubjectSubscriberCyACyxGxcfc
FNDA:0,$s11OpenCombine17SubjectSubscriberCfd
FNDA:0,$s11OpenCombine17SubjectSubscriberC7receive12subscriptionyAA12Subscription_p_tF
FNDA:0,$s11OpenCombine17SubjectSubscriberC7receiveyAA11SubscribersO6DemandV6OutputQzF
FNDA:0,$s11OpenCombine17SubjectSubscriberC7receive10completionyAA11SubscribersO10CompletionOy_7FailureQzG_tF
FNDA:0,$s11OpenCombine17SubjectSubscriberC11descriptionSSvg
FNDA:0,$s11OpenCombine17SubjectSubscriberC21playgroundDescriptionypvg
FNDA:0,$s11OpenCombine17SubjectSubscriberC12customMirrors0F0Vvg
FNDA:0,$s11OpenCombine17SubjectSubscriberC7requestyyAA11SubscribersO6DemandVF
FNDA:0,$s11OpenCombine17SubjectSubscriberC6cancelyyF
FNF:12
FNH:0
DA:15,0
DA:19,0
DA:21,0
DA:22,0
DA:23,0
DA:25,0
DA:26,0
DA:27,0
DA:29,0
DA:30,0
DA:31,0
DA:32,0
DA:33,0
DA:34,0
DA:35,0
DA:36,0
DA:37,0
DA:38,0
DA:40,0
DA:41,0
DA:42,0
DA:43,0
DA:44,0
DA:45,0
DA:46,0
DA:47,0
DA:48,0
DA:49,0
DA:51,0
DA:52,0
DA:53,0
DA:54,0
DA:55,0
DA:56,0
DA:57,0
DA:58,0
DA:59,0
DA:60,0
DA:62,0
DA:64,0
DA:66,0
DA:67,0
DA:68,0
DA:69,0
DA:70,0
DA:71,0
DA:72,0
DA:73,0
DA:75,0
DA:76,0
DA:77,0
DA:78,0
DA:79,0
DA:80,0
DA:81,0
DA:82,0
DA:83,0
DA:85,0
DA:86,0
DA:87,0
DA:88,0
DA:89,0
DA:90,0
DA:91,0
DA:92,0
DA:93,0
DA:94,0
DA:95,0
BRF:0
BRH:0
LF:68
LH:0
end_of_record
SF:/Users/navan.chauhan/Developer/navanchauhan/swift-hn/SwiftTUI/.build/checkouts/OpenCombine/Sources/OpenCombine/Helpers/SubscriberTap.swift
FN:23,$s11OpenCombine13SubscriberTapV5innerypvg
FN:25,$s11OpenCombine13SubscriberTapV10subscriberACyxGx_tcfC
FN:29,$s11OpenCombine13SubscriberTapV17combineIdentifierAA0bF0Vvg
FN:33,$s11OpenCombine13SubscriberTapV7receive12subscriptionyAA12Subscription_p_tF
FN:49,$s11OpenCombine13SubscriberTapV7receiveyAA11SubscribersO6DemandV5InputQzF
FN:59,$s11OpenCombine13SubscriberTapV7receive10completionyAA11SubscribersO10CompletionOy_7FailureQzG_tF
FN:66,$s11OpenCombine13SubscriberTapV11descriptionSSvg
FNDA:0,$s11OpenCombine13SubscriberTapV5innerypvg
FNDA:0,$s11OpenCombine13SubscriberTapV10subscriberACyxGx_tcfC
FNDA:0,$s11OpenCombine13SubscriberTapV17combineIdentifierAA0bF0Vvg
FNDA:0,$s11OpenCombine13SubscriberTapV7receive12subscriptionyAA12Subscription_p_tF
FNDA:0,$s11OpenCombine13SubscriberTapV7receiveyAA11SubscribersO6DemandV5InputQzF
FNDA:0,$s11OpenCombine13SubscriberTapV7receive10completionyAA11SubscribersO10CompletionOy_7FailureQzG_tF
FNDA:0,$s11OpenCombine13SubscriberTapV11descriptionSSvg
FNF:7
FNH:0
DA:23,0
DA:25,0
DA:26,0
DA:27,0
DA:29,0
DA:30,0
DA:31,0
DA:33,0
DA:34,0
DA:35,0
DA:36,0
DA:37,0
DA:38,0
DA:39,0
DA:40,0
DA:41,0
DA:42,0
DA:43,0
DA:44,0
DA:45,0
DA:46,0
DA:47,0
DA:49,0
DA:50,0
DA:51,0
DA:52,0
DA:53,0
DA:54,0
DA:55,0
DA:56,0
DA:57,0
DA:59,0
DA:60,0
DA:61,0
DA:62,0
DA:63,0
DA:64,0
DA:66,0
DA:67,0
DA:68,0
BRF:0
BRH:0
LF:40
LH:0
end_of_record
SF:/Users/navan.chauhan/Developer/navanchauhan/swift-hn/SwiftTUI/.build/checkouts/OpenCombine/Sources/OpenCombine/Helpers/SubscriptionStatus.swift
FN:16,$s11OpenCombine18SubscriptionStatusO010isAwaitingC0Sbvg
FN:25,$s11OpenCombine18SubscriptionStatusO12subscriptionAA0C0_pSgvg
FNDA:0,$s11OpenCombine18SubscriptionStatusO010isAwaitingC0Sbvg
FNDA:0,$s11OpenCombine18SubscriptionStatusO12subscriptionAA0C0_pSgvg
FNF:2
FNH:0
DA:16,0
DA:17,0
DA:18,0
DA:19,0
DA:20,0
DA:21,0
DA:22,0
DA:23,0
DA:25,0
DA:26,0
DA:27,0
DA:28,0
DA:29,0
DA:30,0
DA:31,0
DA:32,0
BRF:0
BRH:0
LF:16
LH:0
end_of_record
SF:/Users/navan.chauhan/Developer/navanchauhan/swift-hn/SwiftTUI/.build/checkouts/OpenCombine/Sources/OpenCombine/Helpers/SubscriptionTap.swift
FN:12,$s11OpenCombine15SubscriptionTapV17combineIdentifierAA0bF0Vvg
FN:16,$s11OpenCombine15SubscriptionTapV7requestyyAA11SubscribersO6DemandVF
FN:23,$s11OpenCombine15SubscriptionTapV6cancelyyF
FN:30,$s11OpenCombine15SubscriptionTapV11descriptionSSvg
FNDA:0,$s11OpenCombine15SubscriptionTapV17combineIdentifierAA0bF0Vvg
FNDA:0,$s11OpenCombine15SubscriptionTapV7requestyyAA11SubscribersO6DemandVF
FNDA:0,$s11OpenCombine15SubscriptionTapV6cancelyyF
FNDA:0,$s11OpenCombine15SubscriptionTapV11descriptionSSvg
FNF:4
FNH:0
DA:12,0
DA:13,0
DA:14,0
DA:16,0
DA:17,0
DA:18,0
DA:19,0
DA:20,0
DA:21,0
DA:23,0
DA:24,0
DA:25,0
DA:26,0
DA:27,0
DA:28,0
DA:30,0
DA:31,0
DA:32,0
BRF:0
BRH:0
LF:18
LH:0
end_of_record
SF:/Users/navan.chauhan/Developer/navanchauhan/swift-hn/SwiftTUI/.build/checkouts/OpenCombine/Sources/OpenCombine/Helpers/Utils.swift
FN:15,$s11OpenCombine15HasDefaultValuePAAE4takexyF
FN:27,$sSq11OpenCombineExSgycfC
FNDA:0,$s11OpenCombine15HasDefaultValuePAAE4takexyF
FNDA:0,$sSq11OpenCombineExSgycfC
FNF:2
FNH:0
DA:15,0
DA:16,0
DA:17,0
DA:18,0
DA:19,0
DA:27,0
DA:28,0
DA:29,0
BRF:0
BRH:0
LF:8
LH:0
end_of_record
SF:/Users/navan.chauhan/Developer/navanchauhan/swift-hn/SwiftTUI/.build/checkouts/OpenCombine/Sources/OpenCombine/Helpers/Violations.swift
FN:9,$s11OpenCombine35APIViolationValueBeforeSubscription4file4lines5NeverOs12StaticStringV_SutF
FN:10,$s11OpenCombine35APIViolationValueBeforeSubscription4file4lines5NeverOs12StaticStringV_SutFSSyXEfu_
FN:18,$s11OpenCombine32APIViolationUnexpectedCompletion4file4lines5NeverOs12StaticStringV_SutF
FN:19,$s11OpenCombine32APIViolationUnexpectedCompletion4file4lines5NeverOs12StaticStringV_SutFSSyXEfu_
FN:22,$s11OpenCombine14abstractMethod4file4lines5NeverOs12StaticStringV_SutF
FN:23,$s11OpenCombine14abstractMethod4file4lines5NeverOs12StaticStringV_SutFSSyXEfu_
FN:28,$s11OpenCombine11SubscribersO6DemandV13assertNonZero4file4lineys12StaticStringV_SutF
FN:30,$s11OpenCombine11SubscribersO6DemandV13assertNonZero4file4lineys12StaticStringV_SutFSSyXEfu_
FNDA:0,$s11OpenCombine35APIViolationValueBeforeSubscription4file4lines5NeverOs12StaticStringV_SutF
FNDA:0,$s11OpenCombine35APIViolationValueBeforeSubscription4file4lines5NeverOs12StaticStringV_SutFSSyXEfu_
[...]
FN:65,$s8SwiftTUI6VStackV0C7Control33_22614BD01E0DB29178B4962704183F56LLC4size12proposedSizeAA0L0VAJ_tFSbAA0D0C_ALtXEfU_
FN:78,$s8SwiftTUI6VStackV0C7Control33_22614BD01E0DB29178B4962704183F56LLC6layout4sizeyAA4SizeV_tF
FN:82,$s8SwiftTUI6VStackV0C7Control33_22614BD01E0DB29178B4962704183F56LLC6layout4sizeyAA4SizeV_tFSbAA0D0C_ALtXEfU_
FN:106,$s8SwiftTUI6VStackV0C7Control33_22614BD01E0DB29178B4962704183F56LLC17selectableElement5belowAA0D0CSgSi_tF
FN:117,$s8SwiftTUI6VStackV0C7Control33_22614BD01E0DB29178B4962704183F56LLC17selectableElement5aboveAA0D0CSgSi_tF
FNDA:2,$s8SwiftTUI6VStackV9alignment7spacing_ACyxGAA19HorizontalAlignmentO_AA8ExtendedVSgxyXEtcfC
FNDA:2,$s8SwiftTUI6VStackV7content9alignment7spacingACyxGx_AA19HorizontalAlignmentOAA8ExtendedVSgtcfC
FNDA:8,$s8SwiftTUI6VStackV4sizeSiSgvgZ
FNDA:4,$s8SwiftTUI6VStackV8loadData4nodeyAA4NodeC_tF
FNDA:4,$s8SwiftTUI6VStackV9buildNodeyyAA0E0CF
FNDA:4,$s8SwiftTUI6VStackV9buildNodeyyAA0E0CFAA8ExtendedVyKXEfu_
FNDA:30,$s8SwiftTUI6VStackV9buildNodeyyAA0E0CFyAA17EnvironmentValuesVzcfU_
FNDA:0,$s8SwiftTUI6VStackV10updateNodeyyAA0E0CF
FNDA:0,$s8SwiftTUI6VStackV10updateNodeyyAA0E0CFAA8ExtendedVyKXEfu_
FNDA:0,$s8SwiftTUI6VStackV13insertControl2at4nodeySi_AA4NodeCtF
FNDA:0,$s8SwiftTUI6VStackV13removeControl2at4nodeySi_AA4NodeCtF
FNDA:4,$s8SwiftTUI6VStackV0C7Control33_22614BD01E0DB29178B4962704183F56LLC9alignment7spacingAFyx_GAA19HorizontalAlignmentO_AA8ExtendedVtcfc
FNDA:0,$s8SwiftTUI6VStackV0C7Control33_22614BD01E0DB29178B4962704183F56LLC4size12proposedSizeAA0L0VAJ_tF
FNDA:0,$s8SwiftTUI6VStackV0C7Control33_22614BD01E0DB29178B4962704183F56LLC4size12proposedSizeAA0L0VAJ_tFSbAA0D0C_ALtXEfU_
FNDA:0,$s8SwiftTUI6VStackV0C7Control33_22614BD01E0DB29178B4962704183F56LLC6layout4sizeyAA4SizeV_tF
FNDA:0,$s8SwiftTUI6VStackV0C7Control33_22614BD01E0DB29178B4962704183F56LLC6layout4sizeyAA4SizeV_tFSbAA0D0C_ALtXEfU_
FNDA:0,$s8SwiftTUI6VStackV0C7Control33_22614BD01E0DB29178B4962704183F56LLC17selectableElement5belowAA0D0CSgSi_tF
FNDA:0,$s8SwiftTUI6VStackV0C7Control33_22614BD01E0DB29178B4962704183F56LLC17selectableElement5aboveAA0D0CSgSi_tF
FNF:18
FNH:8
DA:9,2
DA:10,2
DA:11,2
DA:12,2
DA:13,2
DA:15,2
DA:16,2
DA:17,2
DA:18,2
DA:19,2
DA:21,8
DA:23,4
DA:24,5
DA:25,5
DA:26,5
DA:27,4
DA:29,4
DA:30,4
DA:31,4
DA:32,30
DA:33,4
DA:35,0
DA:36,0
DA:37,0
DA:38,0
DA:39,0
DA:40,0
DA:41,0
DA:43,0
DA:44,0
DA:45,0
DA:47,0
DA:48,0
DA:49,0
DA:55,4
DA:56,4
DA:57,4
DA:58,4
DA:62,0
DA:63,0
DA:64,0
DA:65,0
DA:66,0
DA:67,0
DA:68,0
DA:69,0
DA:70,0
DA:71,0
DA:72,0
DA:73,0
DA:74,0
DA:75,0
DA:76,0
DA:78,0
DA:79,0
DA:80,0
DA:81,0
DA:82,0
DA:83,0
DA:84,0
DA:85,0
DA:86,0
DA:87,0
DA:88,0
DA:89,0
DA:90,0
DA:91,0
DA:92,0
DA:93,0
DA:94,0
DA:95,0
DA:96,0
DA:97,0
DA:98,0
DA:99,0
DA:100,0
DA:101,0
DA:102,0
DA:106,0
DA:107,0
DA:108,0
DA:109,0
DA:110,0
DA:111,0
DA:112,0
DA:113,0
DA:114,0
DA:115,0
DA:117,0
DA:118,0
DA:119,0
DA:120,0
DA:121,0
DA:122,0
DA:123,0
DA:124,0
DA:125,0
DA:126,0
BRF:0
BRH:0
LF:103
LH:27
end_of_record
SF:/Users/navan.chauhan/Developer/navanchauhan/swift-hn/SwiftTUI/Sources/SwiftTUI/Views/Stacks/ZStack.swift
FN:8,$s8SwiftTUI6ZStackV9alignment_ACyxGAA9AlignmentV_xyXEtcfC
FN:13,$s8SwiftTUI6ZStackV7content9alignmentACyxGx_AA9AlignmentVtcfC
FN:18,$s8SwiftTUI6ZStackV4sizeSiSgvgZ
FN:20,$s8SwiftTUI6ZStackV8loadData4nodeyAA4NodeC_tF
FN:26,$s8SwiftTUI6ZStackV9buildNodeyyAA0E0CF
FN:31,$s8SwiftTUI6ZStackV10updateNodeyyAA0E0CF
FN:38,$s8SwiftTUI6ZStackV13insertControl2at4nodeySi_AA4NodeCtF
FN:42,$s8SwiftTUI6ZStackV13removeControl2at4nodeySi_AA4NodeCtF
FN:49,$s8SwiftTUI6ZStackV0C7Control33_A1F19B3E6090CC02D751D1A45FFEB109LLC9alignmentAFyx_GAA9AlignmentV_tcfc
FN:54,$s8SwiftTUI6ZStackV0C7Control33_A1F19B3E6090CC02D751D1A45FFEB109LLC4size12proposedSizeAA0P0VAJ_tF
FN:64,$s8SwiftTUI6ZStackV0C7Control33_A1F19B3E6090CC02D751D1A45FFEB109LLC6layout4sizeyAA4SizeV_tF
FN:85,$s8SwiftTUI6ZStackV0C7Control33_A1F19B3E6090CC02D751D1A45FFEB109LLC17selectableElement5belowAA0D0CSgSi_tF
FN:96,$s8SwiftTUI6ZStackV0C7Control33_A1F19B3E6090CC02D751D1A45FFEB109LLC17selectableElement5aboveAA0D0CSgSi_tF
FNDA:0,$s8SwiftTUI6ZStackV9alignment_ACyxGAA9AlignmentV_xyXEtcfC
FNDA:0,$s8SwiftTUI6ZStackV7content9alignmentACyxGx_AA9AlignmentVtcfC
FNDA:0,$s8SwiftTUI6ZStackV4sizeSiSgvgZ
FNDA:0,$s8SwiftTUI6ZStackV8loadData4nodeyAA4NodeC_tF
FNDA:0,$s8SwiftTUI6ZStackV9buildNodeyyAA0E0CF
FNDA:0,$s8SwiftTUI6ZStackV10updateNodeyyAA0E0CF
FNDA:0,$s8SwiftTUI6ZStackV13insertControl2at4nodeySi_AA4NodeCtF
FNDA:0,$s8SwiftTUI6ZStackV13removeControl2at4nodeySi_AA4NodeCtF
FNDA:0,$s8SwiftTUI6ZStackV0C7Control33_A1F19B3E6090CC02D751D1A45FFEB109LLC9alignmentAFyx_GAA9AlignmentV_tcfc
FNDA:0,$s8SwiftTUI6ZStackV0C7Control33_A1F19B3E6090CC02D751D1A45FFEB109LLC4size12proposedSizeAA0P0VAJ_tF
FNDA:0,$s8SwiftTUI6ZStackV0C7Control33_A1F19B3E6090CC02D751D1A45FFEB109LLC6layout4sizeyAA4SizeV_tF
FNDA:0,$s8SwiftTUI6ZStackV0C7Control33_A1F19B3E6090CC02D751D1A45FFEB109LLC17selectableElement5belowAA0D0CSgSi_tF
FNDA:0,$s8SwiftTUI6ZStackV0C7Control33_A1F19B3E6090CC02D751D1A45FFEB109LLC17selectableElement5aboveAA0D0CSgSi_tF
FNF:13
FNH:0
DA:8,0
DA:9,0
DA:10,0
DA:11,0
DA:13,0
DA:14,0
DA:15,0
DA:16,0
DA:18,0
DA:20,0
DA:21,0
DA:22,0
DA:23,0
DA:24,0
DA:26,0
DA:27,0
DA:28,0
DA:29,0
DA:31,0
DA:32,0
DA:33,0
DA:34,0
DA:35,0
DA:36,0
DA:38,0
DA:39,0
DA:40,0
DA:42,0
DA:43,0
DA:44,0
DA:49,0
DA:50,0
DA:51,0
DA:54,0
DA:55,0
DA:56,0
DA:57,0
DA:58,0
DA:59,0
DA:60,0
DA:61,0
DA:62,0
DA:64,0
DA:65,0
DA:66,0
DA:67,0
DA:68,0
DA:69,0
DA:70,0
DA:71,0
DA:72,0
DA:73,0
DA:74,0
DA:75,0
DA:76,0
DA:77,0
DA:78,0
DA:79,0
DA:80,0
DA:81,0
DA:82,0
DA:85,0
DA:86,0
DA:87,0
DA:88,0
DA:89,0
DA:90,0
DA:91,0
DA:92,0
DA:93,0
DA:94,0
DA:96,0
DA:97,0
DA:98,0
DA:99,0
DA:100,0
DA:101,0
DA:102,0
DA:103,0
DA:104,0
DA:105,0
BRF:0
BRH:0
LF:81
LH:0
end_of_record
SF:/Users/navan.chauhan/Developer/navanchauhan/swift-hn/SwiftTUI/Sources/SwiftTUI/Views/TupleView.swift
FN:6,$s8SwiftTUI10TupleView2V4sizeSiSgvgZ
FN:15,$s8SwiftTUI10TupleView2V9buildNodeyyAA0F0CF
FN:20,$s8SwiftTUI10TupleView2V10updateNodeyyAA0F0CF
FN:31,$s8SwiftTUI10TupleView3V4sizeSiSgvgZ
FN:41,$s8SwiftTUI10TupleView3V9buildNodeyyAA0F0CF
FN:47,$s8SwiftTUI10TupleView3V10updateNodeyyAA0F0CF
FN:59,$s8SwiftTUI10TupleView4V4sizeSiSgvgZ
FN:70,$s8SwiftTUI10TupleView4V9buildNodeyyAA0F0CF
FN:77,$s8SwiftTUI10TupleView4V10updateNodeyyAA0F0CF
FN:90,$s8SwiftTUI10TupleView5V4sizeSiSgvgZ
FN:102,$s8SwiftTUI10TupleView5V9buildNodeyyAA0F0CF
FN:110,$s8SwiftTUI10TupleView5V10updateNodeyyAA0F0CF
FN:124,$s8SwiftTUI10TupleView6V4sizeSiSgvgZ
FN:137,$s8SwiftTUI10TupleView6V9buildNodeyyAA0F0CF
FN:146,$s8SwiftTUI10TupleView6V10updateNodeyyAA0F0CF
FN:161,$s8SwiftTUI10TupleView7V4sizeSiSgvgZ
FN:175,$s8SwiftTUI10TupleView7V9buildNodeyyAA0F0CF
FN:185,$s8SwiftTUI10TupleView7V10updateNodeyyAA0F0CF
FN:201,$s8SwiftTUI10TupleView8V4sizeSiSgvgZ
FN:216,$s8SwiftTUI10TupleView8V9buildNodeyyAA0F0CF
FN:227,$s8SwiftTUI10TupleView8V10updateNodeyyAA0F0CF
FN:244,$s8SwiftTUI10TupleView9V4sizeSiSgvgZ
FN:260,$s8SwiftTUI10TupleView9V9buildNodeyyAA0F0CF
FN:272,$s8SwiftTUI10TupleView9V10updateNodeyyAA0F0CF
FN:290,$s8SwiftTUI11TupleView10V4sizeSiSgvgZ
FN:307,$s8SwiftTUI11TupleView10V9buildNodeyyAA0F0CF
FN:320,$s8SwiftTUI11TupleView10V10updateNodeyyAA0F0CF
FNDA:1,$s8SwiftTUI10TupleView2V4sizeSiSgvgZ
FNDA:1,$s8SwiftTUI10TupleView2V9buildNodeyyAA0F0CF
FNDA:0,$s8SwiftTUI10TupleView2V10updateNodeyyAA0F0CF
FNDA:0,$s8SwiftTUI10TupleView3V4sizeSiSgvgZ
FNDA:0,$s8SwiftTUI10TupleView3V9buildNodeyyAA0F0CF
FNDA:0,$s8SwiftTUI10TupleView3V10updateNodeyyAA0F0CF
FNDA:0,$s8SwiftTUI10TupleView4V4sizeSiSgvgZ
FNDA:0,$s8SwiftTUI10TupleView4V9buildNodeyyAA0F0CF
FNDA:0,$s8SwiftTUI10TupleView4V10updateNodeyyAA0F0CF
FNDA:0,$s8SwiftTUI10TupleView5V4sizeSiSgvgZ
FNDA:0,$s8SwiftTUI10TupleView5V9buildNodeyyAA0F0CF
FNDA:0,$s8SwiftTUI10TupleView5V10updateNodeyyAA0F0CF
FNDA:0,$s8SwiftTUI10TupleView6V4sizeSiSgvgZ
FNDA:0,$s8SwiftTUI10TupleView6V9buildNodeyyAA0F0CF
FNDA:0,$s8SwiftTUI10TupleView6V10updateNodeyyAA0F0CF
FNDA:0,$s8SwiftTUI10TupleView7V4sizeSiSgvgZ
FNDA:0,$s8SwiftTUI10TupleView7V9buildNodeyyAA0F0CF
FNDA:0,$s8SwiftTUI10TupleView7V10updateNodeyyAA0F0CF
FNDA:0,$s8SwiftTUI10TupleView8V4sizeSiSgvgZ
FNDA:0,$s8SwiftTUI10TupleView8V9buildNodeyyAA0F0CF
FNDA:0,$s8SwiftTUI10TupleView8V10updateNodeyyAA0F0CF
FNDA:0,$s8SwiftTUI10TupleView9V4sizeSiSgvgZ
FNDA:0,$s8SwiftTUI10TupleView9V9buildNodeyyAA0F0CF
FNDA:0,$s8SwiftTUI10TupleView9V10updateNodeyyAA0F0CF
FNDA:0,$s8SwiftTUI11TupleView10V4sizeSiSgvgZ
FNDA:0,$s8SwiftTUI11TupleView10V9buildNodeyyAA0F0CF
FNDA:0,$s8SwiftTUI11TupleView10V10updateNodeyyAA0F0CF
FNF:27
FNH:2
DA:6,1
DA:7,1
DA:8,1
DA:9,1
DA:10,1
DA:11,1
DA:12,0
DA:13,1
DA:15,1
DA:16,1
DA:17,1
DA:18,1
DA:20,0
DA:21,0
DA:22,0
DA:23,0
DA:24,0
DA:31,0
DA:32,0
DA:33,0
DA:34,0
DA:35,0
DA:36,0
DA:37,0
DA:38,0
DA:39,0
DA:41,0
DA:42,0
DA:43,0
DA:44,0
DA:45,0
DA:47,0
DA:48,0
DA:49,0
DA:50,0
DA:51,0
DA:52,0
DA:59,0
DA:60,0
DA:61,0
DA:62,0
DA:63,0
DA:64,0
DA:65,0
DA:66,0
DA:67,0
DA:68,0
DA:70,0
DA:71,0
DA:72,0
DA:73,0
DA:74,0
DA:75,0
DA:77,0
DA:78,0
DA:79,0
DA:80,0
DA:81,0
DA:82,0
DA:83,0
DA:90,0
DA:91,0
DA:92,0
DA:93,0
DA:94,0
DA:95,0
DA:96,0
DA:97,0
DA:98,0
DA:99,0
DA:100,0
DA:102,0
DA:103,0
DA:104,0
DA:105,0
DA:106,0
DA:107,0
DA:108,0
DA:110,0
DA:111,0
DA:112,0
DA:113,0
DA:114,0
DA:115,0
DA:116,0
DA:117,0
DA:124,0
DA:125,0
DA:126,0
DA:127,0
DA:128,0
DA:129,0
DA:130,0
DA:131,0
DA:132,0
DA:133,0
DA:134,0
DA:135,0
DA:137,0
DA:138,0
DA:139,0
DA:140,0
DA:141,0
DA:142,0
DA:143,0
DA:144,0
DA:146,0
DA:147,0
DA:148,0
DA:149,0
DA:150,0
DA:151,0
DA:152,0
DA:153,0
DA:154,0
DA:161,0
DA:162,0
DA:163,0
DA:164,0
DA:165,0
DA:166,0
DA:167,0
DA:168,0
DA:169,0
DA:170,0
DA:171,0
DA:172,0
DA:173,0
DA:175,0
DA:176,0
DA:177,0
DA:178,0
DA:179,0
DA:180,0
DA:181,0
DA:182,0
DA:183,0
DA:185,0
DA:186,0
DA:187,0
DA:188,0
DA:189,0
DA:190,0
DA:191,0
DA:192,0
DA:193,0
DA:194,0
DA:201,0
DA:202,0
DA:203,0
DA:204,0
DA:205,0
DA:206,0
DA:207,0
DA:208,0
DA:209,0
DA:210,0
DA:211,0
DA:212,0
DA:213,0
DA:214,0
DA:216,0
DA:217,0
DA:218,0
DA:219,0
DA:220,0
DA:221,0
DA:222,0
DA:223,0
DA:224,0
DA:225,0
DA:227,0
DA:228,0
DA:229,0
DA:230,0
DA:231,0
DA:232,0
DA:233,0
DA:234,0
DA:235,0
DA:236,0
DA:237,0
DA:244,0
DA:245,0
DA:246,0
DA:247,0
DA:248,0
DA:249,0
DA:250,0
DA:251,0
DA:252,0
DA:253,0
DA:254,0
DA:255,0
DA:256,0
DA:257,0
DA:258,0
DA:260,0
DA:261,0
DA:262,0
DA:263,0
DA:264,0
DA:265,0
DA:266,0
DA:267,0
DA:268,0
DA:269,0
DA:270,0
DA:272,0
DA:273,0
DA:274,0
DA:275,0
DA:276,0
DA:277,0
DA:278,0
DA:279,0
DA:280,0
DA:281,0
DA:282,0
DA:283,0
DA:290,0
DA:291,0
DA:292,0
DA:293,0
DA:294,0
DA:295,0
DA:296,0
DA:297,0
DA:298,0
DA:299,0
DA:300,0
DA:301,0
DA:302,0
DA:303,0
DA:304,0
DA:305,0
DA:307,0
DA:308,0
DA:309,0
DA:310,0
DA:311,0
DA:312,0
DA:313,0
DA:314,0
DA:315,0
DA:316,0
DA:317,0
DA:318,0
DA:320,0
DA:321,0
DA:322,0
DA:323,0
DA:324,0
DA:325,0
DA:326,0
DA:327,0
DA:328,0
DA:329,0
DA:330,0
DA:331,0
DA:332,0
BRF:0
BRH:0
LF:261
LH:11
end_of_record
SF:/Users/navan.chauhan/Developer/navanchauhan/swift-hn/SwiftTUI/Sources/SwiftTUI/Views/ViewBuilder.swift
FN:5,$s8SwiftTUI11ViewBuilderV10buildBlockAA05EmptyC0VyFZ
FN:7,$s8SwiftTUI11ViewBuilderV10buildBlockyxxAA0C0RzlFZ
FN:9,$s8SwiftTUI11ViewBuilderV7buildIfyxxAA0C0RzlFZ
FN:11,$s8SwiftTUI11ViewBuilderV11buildEither5firstAA012_ConditionalC0Vyxq_Gx_tAA0C0RzAaIR_r0_lFZ
FN:15,$s8SwiftTUI11ViewBuilderV11buildEither6secondAA012_ConditionalC0Vyxq_Gq__tAA0C0RzAaIR_r0_lFZ
FN:19,$s8SwiftTUI11ViewBuilderV10buildBlockyAA10TupleView2Vyxq_Gx_q_tAA0C0RzAaHR_r0_lFZ
FN:23,$s8SwiftTUI11ViewBuilderV10buildBlockyAA10TupleView3Vyxq_q0_Gx_q_q0_tAA0C0RzAaHR_AaHR0_r1_lFZ
FN:27,$s8SwiftTUI11ViewBuilderV10buildBlockyAA10TupleView4Vyxq_q0_q1_Gx_q_q0_q1_tAA0C0RzAaHR_AaHR0_AaHR1_r2_lFZ
FN:31,$s8SwiftTUI11ViewBuilderV10buildBlockyAA10TupleView5Vyxq_q0_q1_q2_Gx_q_q0_q1_q2_tAA0C0RzAaHR_AaHR0_AaHR1_AaHR2_r3_lFZ
FN:35,$s8SwiftTUI11ViewBuilderV10buildBlockyAA10TupleView6Vyxq_q0_q1_q2_q3_Gx_q_q0_q1_q2_q3_tAA0C0RzAaHR_AaHR0_AaHR1_AaHR2_AaHR3_r4_lFZ
FN:39,$s8SwiftTUI11ViewBuilderV10buildBlockyAA10TupleView7Vyxq_q0_q1_q2_q3_q4_Gx_q_q0_q1_q2_q3_q4_tAA0C0RzAaHR_AaHR0_AaHR1_AaHR2_AaHR3_AaHR4_r5_lFZ
FN:43,$s8SwiftTUI11ViewBuilderV10buildBlockyAA10TupleView8Vyxq_q0_q1_q2_q3_q4_q5_Gx_q_q0_q1_q2_q3_q4_q5_tAA0C0RzAaHR_AaHR0_AaHR1_AaHR2_AaHR3_AaHR4_AaHR5_r6_lFZ
FN:47,$s8SwiftTUI11ViewBuilderV10buildBlockyAA10TupleView9Vyxq_q0_q1_q2_q3_q4_q5_q6_Gx_q_q0_q1_q2_q3_q4_q5_q6_tAA0C0RzAaHR_AaHR0_AaHR1_AaHR2_AaHR3_AaHR4_AaHR5_AaHR6_r7_lFZ
FN:51,$s8SwiftTUI11ViewBuilderV10buildBlockyAA11TupleView10Vyxq_q0_q1_q2_q3_q4_q5_q6_q7_Gx_q_q0_q1_q2_q3_q4_q5_q6_q7_tAA0C0RzAaHR_AaHR0_AaHR1_AaHR2_AaHR3_AaHR4_AaHR5_AaHR6_AaHR7_r8_lFZ
FNDA:0,$s8SwiftTUI11ViewBuilderV10buildBlockAA05EmptyC0VyFZ
FNDA:4,$s8SwiftTUI11ViewBuilderV10buildBlockyxxAA0C0RzlFZ
FNDA:1,$s8SwiftTUI11ViewBuilderV7buildIfyxxAA0C0RzlFZ
FNDA:0,$s8SwiftTUI11ViewBuilderV11buildEither5firstAA012_ConditionalC0Vyxq_Gx_tAA0C0RzAaIR_r0_lFZ
FNDA:0,$s8SwiftTUI11ViewBuilderV11buildEither6secondAA012_ConditionalC0Vyxq_Gq__tAA0C0RzAaIR_r0_lFZ
FNDA:1,$s8SwiftTUI11ViewBuilderV10buildBlockyAA10TupleView2Vyxq_Gx_q_tAA0C0RzAaHR_r0_lFZ
FNDA:0,$s8SwiftTUI11ViewBuilderV10buildBlockyAA10TupleView3Vyxq_q0_Gx_q_q0_tAA0C0RzAaHR_AaHR0_r1_lFZ
FNDA:0,$s8SwiftTUI11ViewBuilderV10buildBlockyAA10TupleView4Vyxq_q0_q1_Gx_q_q0_q1_tAA0C0RzAaHR_AaHR0_AaHR1_r2_lFZ
FNDA:0,$s8SwiftTUI11ViewBuilderV10buildBlockyAA10TupleView5Vyxq_q0_q1_q2_Gx_q_q0_q1_q2_tAA0C0RzAaHR_AaHR0_AaHR1_AaHR2_r3_lFZ
FNDA:0,$s8SwiftTUI11ViewBuilderV10buildBlockyAA10TupleView6Vyxq_q0_q1_q2_q3_Gx_q_q0_q1_q2_q3_tAA0C0RzAaHR_AaHR0_AaHR1_AaHR2_AaHR3_r4_lFZ
FNDA:0,$s8SwiftTUI11ViewBuilderV10buildBlockyAA10TupleView7Vyxq_q0_q1_q2_q3_q4_Gx_q_q0_q1_q2_q3_q4_tAA0C0RzAaHR_AaHR0_AaHR1_AaHR2_AaHR3_AaHR4_r5_lFZ
FNDA:0,$s8SwiftTUI11ViewBuilderV10buildBlockyAA10TupleView8Vyxq_q0_q1_q2_q3_q4_q5_Gx_q_q0_q1_q2_q3_q4_q5_tAA0C0RzAaHR_AaHR0_AaHR1_AaHR2_AaHR3_AaHR4_AaHR5_r6_lFZ
FNDA:0,$s8SwiftTUI11ViewBuilderV10buildBlockyAA10TupleView9Vyxq_q0_q1_q2_q3_q4_q5_q6_Gx_q_q0_q1_q2_q3_q4_q5_q6_tAA0C0RzAaHR_AaHR0_AaHR1_AaHR2_AaHR3_AaHR4_AaHR5_AaHR6_r7_lFZ
FNDA:0,$s8SwiftTUI11ViewBuilderV10buildBlockyAA11TupleView10Vyxq_q0_q1_q2_q3_q4_q5_q6_q7_Gx_q_q0_q1_q2_q3_q4_q5_q6_q7_tAA0C0RzAaHR_AaHR0_AaHR1_AaHR2_AaHR3_AaHR4_AaHR5_AaHR6_AaHR7_r8_lFZ
FNF:14
FNH:3
DA:5,0
DA:7,4
DA:9,1
DA:11,0
DA:12,0
DA:13,0
DA:15,0
DA:16,0
DA:17,0
DA:19,1
DA:20,1
DA:21,1
DA:23,0
DA:24,0
DA:25,0
DA:27,0
DA:28,0
DA:29,0
DA:31,0
DA:32,0
DA:33,0
DA:35,0
DA:36,0
DA:37,0
DA:39,0
DA:40,0
DA:41,0
DA:43,0
DA:44,0
DA:45,0
DA:47,0
DA:48,0
DA:49,0
DA:51,0
DA:52,0
DA:53,0
BRF:0
BRH:0
LF:36
LH:5
end_of_record
SF:/Users/navan.chauhan/Developer/navanchauhan/swift-hn/SwiftTUI/Sources/SwiftTUI/Views/_ConditionalView.swift
FN:11,$s8SwiftTUI16_ConditionalViewV4sizeSiSgvgZ
FN:16,$s8SwiftTUI16_ConditionalViewV9buildNodeyyAA0F0CF
FN:25,$s8SwiftTUI16_ConditionalViewV10updateNodeyyAA0F0CF
FNDA:0,$s8SwiftTUI16_ConditionalViewV4sizeSiSgvgZ
FNDA:0,$s8SwiftTUI16_ConditionalViewV9buildNodeyyAA0F0CF
FNDA:0,$s8SwiftTUI16_ConditionalViewV10updateNodeyyAA0F0CF
FNF:3
FNH:0
DA:11,0
DA:12,0
DA:13,0
DA:14,0
DA:16,0
DA:17,0
DA:18,0
DA:19,0
DA:20,0
DA:21,0
DA:22,0
DA:23,0
DA:25,0
DA:26,0
DA:27,0
DA:28,0
DA:29,0
DA:30,0
DA:31,0
DA:32,0
DA:33,0
DA:34,0
DA:35,0
DA:36,0
DA:37,0
DA:38,0
DA:39,0
DA:40,0
BRF:0
BRH:0
LF:28
LH:0
end_of_record
SF:/Users/navan.chauhan/Developer/navanchauhan/swift-hn/SwiftTUI/Tests/SwiftTUITests/PositionTests.swift
FN:5,$s13SwiftTUITests13PositionTestsC7testAddyyKF
FN:8,$s13SwiftTUITests13PositionTestsC7testAddyyKF0A3TUI0C0VyKXEfu_
FN:8,$s13SwiftTUITests13PositionTestsC7testAddyyKF0A3TUI0C0VyKXEfu0_
FN:11,$s13SwiftTUITests13PositionTestsC12testSubtractyyKF
FN:14,$s13SwiftTUITests13PositionTestsC12testSubtractyyKF0A3TUI0C0VyKXEfu_
FN:14,$s13SwiftTUITests13PositionTestsC12testSubtractyyKF0A3TUI0C0VyKXEfu0_
FNDA:1,$s13SwiftTUITests13PositionTestsC7testAddyyKF
FNDA:1,$s13SwiftTUITests13PositionTestsC7testAddyyKF0A3TUI0C0VyKXEfu_
FNDA:1,$s13SwiftTUITests13PositionTestsC7testAddyyKF0A3TUI0C0VyKXEfu0_
FNDA:1,$s13SwiftTUITests13PositionTestsC12testSubtractyyKF
FNDA:1,$s13SwiftTUITests13PositionTestsC12testSubtractyyKF0A3TUI0C0VyKXEfu_
FNDA:1,$s13SwiftTUITests13PositionTestsC12testSubtractyyKF0A3TUI0C0VyKXEfu0_
FNF:6
FNH:6
DA:5,1
DA:6,1
DA:7,1
DA:8,1
DA:9,1
DA:11,1
DA:12,1
DA:13,1
DA:14,1
DA:15,1
BRF:0
BRH:0
LF:14
LH:14
end_of_record
SF:/Users/navan.chauhan/Developer/navanchauhan/swift-hn/SwiftTUI/Tests/SwiftTUITests/RectTests.swift
FN:5,$s13SwiftTUITests9RectTestsC9testUnionyyKF
FN:9,$s13SwiftTUITests9RectTestsC9testUnionyyKF0A3TUI0C0VyKXEfu_
FN:9,$s13SwiftTUITests9RectTestsC9testUnionyyKF0A3TUI0C0VyKXEfu0_
FNDA:1,$s13SwiftTUITests9RectTestsC9testUnionyyKF
FNDA:1,$s13SwiftTUITests9RectTestsC9testUnionyyKF0A3TUI0C0VyKXEfu_
FNDA:1,$s13SwiftTUITests9RectTestsC9testUnionyyKF0A3TUI0C0VyKXEfu0_
FNF:3
FNH:3
DA:5,1
DA:6,1
DA:7,1
DA:8,1
DA:9,1
DA:10,1
BRF:0
BRH:0
LF:8
LH:8
end_of_record
SF:/Users/navan.chauhan/Developer/navanchauhan/swift-hn/SwiftTUI/Tests/SwiftTUITests/SwiftTUITests.swift
FN:5,$s13SwiftTUITestsAAC11testExampleyyKF
FNDA:1,$s13SwiftTUITestsAAC11testExampleyyKF
FNF:1
FNH:1
DA:5,1
DA:6,1
DA:7,1
DA:8,1
DA:9,1
BRF:0
BRH:0
LF:5
LH:5
end_of_record
SF:/Users/navan.chauhan/Developer/navanchauhan/swift-hn/SwiftTUI/Tests/SwiftTUITests/ViewBuildTests.swift
FN:5,$s13SwiftTUITests14ViewBuildTestsC22test_VStack_TupleView2yyKF
FN:17,$s13SwiftTUITests14ViewBuildTestsC22test_VStack_TupleView2yyKFSSyKXEfu_
FN:17,$s13SwiftTUITests14ViewBuildTestsC22test_VStack_TupleView2yyKFSSyKXEfu0_
FN:24,$s13SwiftTUITests14ViewBuildTestsC23test_conditional_VStackyyKF
FN:39,$s13SwiftTUITests14ViewBuildTestsC23test_conditional_VStackyyKFSSyKXEfu_
FN:39,$s13SwiftTUITests14ViewBuildTestsC23test_conditional_VStackyyKFSSyKXEfu0_
FN:45,$s13SwiftTUITests14ViewBuildTestsC05buildC033_821641F0D5B3FABE2D335778E5E90857LLy0A3TUI7ControlCxKAF0C0RzlF
FN:48,$s13SwiftTUITests14ViewBuildTestsC05buildC033_821641F0D5B3FABE2D335778E5E90857LLy0A3TUI7ControlCxKAF0C0RzlFAHSgyKXEfu_
FN:7,$s13SwiftTUITests14ViewBuildTestsC22test_VStack_TupleView2yyKF02MyC0L_V4bodyQrvg
FN:8,$s13SwiftTUITests14ViewBuildTestsC22test_VStack_TupleView2yyKF02MyC0L_V4bodyQrvg0A3TUI0hI0VyAH4TextVALGyXEfU_
FN:26,$s13SwiftTUITests14ViewBuildTestsC23test_conditional_VStackyyKF02MyC0L_V6_value0A3TUI5StateVySbGvpfi
FN:28,$s13SwiftTUITests14ViewBuildTestsC23test_conditional_VStackyyKF02MyC0L_V4bodyQrvg
FN:30,$s13SwiftTUITests14ViewBuildTestsC23test_conditional_VStackyyKF02MyC0L_V4bodyQrvg0A3TUI4TextVyXEfU_
FNDA:1,$s13SwiftTUITests14ViewBuildTestsC22test_VStack_TupleView2yyKF
FNDA:1,$s13SwiftTUITests14ViewBuildTestsC22test_VStack_TupleView2yyKFSSyKXEfu_
FNDA:1,$s13SwiftTUITests14ViewBuildTestsC22test_VStack_TupleView2yyKFSSyKXEfu0_
FNDA:1,$s13SwiftTUITests14ViewBuildTestsC23test_conditional_VStackyyKF
FNDA:1,$s13SwiftTUITests14ViewBuildTestsC23test_conditional_VStackyyKFSSyKXEfu_
FNDA:1,$s13SwiftTUITests14ViewBuildTestsC23test_conditional_VStackyyKFSSyKXEfu0_
FNDA:2,$s13SwiftTUITests14ViewBuildTestsC05buildC033_821641F0D5B3FABE2D335778E5E90857LLy0A3TUI7ControlCxKAF0C0RzlF
FNDA:2,$s13SwiftTUITests14ViewBuildTestsC05buildC033_821641F0D5B3FABE2D335778E5E90857LLy0A3TUI7ControlCxKAF0C0RzlFAHSgyKXEfu_
FNDA:1,$s13SwiftTUITests14ViewBuildTestsC22test_VStack_TupleView2yyKF02MyC0L_V4bodyQrvg
FNDA:1,$s13SwiftTUITests14ViewBuildTestsC22test_VStack_TupleView2yyKF02MyC0L_V4bodyQrvg0A3TUI0hI0VyAH4TextVALGyXEfU_
FNDA:1,$s13SwiftTUITests14ViewBuildTestsC23test_conditional_VStackyyKF02MyC0L_V6_value0A3TUI5StateVySbGvpfi
FNDA:1,$s13SwiftTUITests14ViewBuildTestsC23test_conditional_VStackyyKF02MyC0L_V4bodyQrvg
FNDA:1,$s13SwiftTUITests14ViewBuildTestsC23test_conditional_VStackyyKF02MyC0L_V4bodyQrvg0A3TUI4TextVyXEfU_
FNF:13
FNH:13
DA:5,1
DA:6,1
DA:7,1
DA:8,1
DA:9,1
DA:10,1
DA:11,1
DA:12,1
DA:13,1
DA:14,1
DA:15,1
DA:16,1
DA:17,1
DA:18,1
DA:19,1
DA:20,1
DA:21,1
DA:22,1
DA:24,1
DA:25,1
DA:26,1
DA:27,1
DA:28,1
DA:29,1
DA:30,1
DA:31,1
DA:32,1
DA:33,2
DA:34,2
DA:35,1
DA:36,1
DA:37,1
DA:38,1
DA:39,1
DA:40,1
DA:41,1
DA:42,1
DA:43,1
DA:45,2
DA:46,2
DA:47,2
DA:48,2
DA:49,2
BRF:0
BRH:0
LF:76
LH:76
end_of_record
